Using pre-set license
Built from '2021.3/staging' branch; Version is '2021.3.19f1 (c9714fde33b6) revision 13201743'; Using compiler version '192829333'; Build Type 'Release'
OS: 'Windows 10  (10.0.19044) 64bit Professional' Language: 'en' Physical Memory: 32557 MB
BatchMode: 1, IsHumanControllingUs: 0, StartBugReporterOnCrash: 0, Is64bit: 1, IsPro: 1

COMMAND LINE ARGUMENTS:
C:\Program Files\Unity\Hub\Editor\2021.3.19f1\Editor\Unity.exe
-adb2
-batchMode
-noUpm
-name
AssetImportWorker2
-projectPath
C:/Users/yoann/OneDrive - SUPINFO/YEAR2/2PROJ-Unity/2PROJ Tower Defense
-logFile
Logs/AssetImportWorker2.log
-srvPort
55964
Successfully changed project path to: C:/Users/yoann/OneDrive - SUPINFO/YEAR2/2PROJ-Unity/2PROJ Tower Defense
C:/Users/yoann/OneDrive - SUPINFO/YEAR2/2PROJ-Unity/2PROJ Tower Defense
[UnityMemory] Configuration Parameters - Can be set up in boot.config
    "memorysetup-bucket-allocator-granularity=16"
    "memorysetup-bucket-allocator-bucket-count=8"
    "memorysetup-bucket-allocator-block-size=33554432"
    "memorysetup-bucket-allocator-block-count=8"
    "memorysetup-main-allocator-block-size=16777216"
    "memorysetup-thread-allocator-block-size=16777216"
    "memorysetup-gfx-main-allocator-block-size=16777216"
    "memorysetup-gfx-thread-allocator-block-size=16777216"
    "memorysetup-cache-allocator-block-size=4194304"
    "memorysetup-typetree-allocator-block-size=2097152"
    "memorysetup-profiler-bucket-allocator-granularity=16"
    "memorysetup-profiler-bucket-allocator-bucket-count=8"
    "memorysetup-profiler-bucket-allocator-block-size=33554432"
    "memorysetup-profiler-bucket-allocator-block-count=8"
    "memorysetup-profiler-allocator-block-size=16777216"
    "memorysetup-profiler-editor-allocator-block-size=1048576"
    "memorysetup-temp-allocator-size-main=16777216"
    "memorysetup-job-temp-allocator-block-size=2097152"
    "memorysetup-job-temp-allocator-block-size-background=1048576"
    "memorysetup-job-temp-allocator-reduction-small-platforms=262144"
    "memorysetup-temp-allocator-size-background-worker=32768"
    "memorysetup-temp-allocator-size-job-worker=262144"
    "memorysetup-temp-allocator-size-preload-manager=33554432"
    "memorysetup-temp-allocator-size-nav-mesh-worker=65536"
    "memorysetup-temp-allocator-size-audio-worker=65536"
    "memorysetup-temp-allocator-size-cloud-worker=32768"
    "memorysetup-temp-allocator-size-gi-baking-worker=262144"
    "memorysetup-temp-allocator-size-gfx=262144"
Player connection [24876] Host "[IP] 192.168.249.1 [Port] 0 [Flags] 2 [Guid] 2029365599 [EditorId] 2029365599 [Version] 1048832 [Id] WindowsEditor(7,MSI) [Debug] 1 [PackageName] WindowsEditor [ProjectName] Editor" joined multi-casting on [225.0.0.222:54997]...

Player connection [24876] Host "[IP] 192.168.249.1 [Port] 0 [Flags] 2 [Guid] 2029365599 [EditorId] 2029365599 [Version] 1048832 [Id] WindowsEditor(7,MSI) [Debug] 1 [PackageName] WindowsEditor [ProjectName] Editor" joined alternative multi-casting on [225.0.0.222:34997]...

Refreshing native plugins compatible for Editor in 111.12 ms, found 4 plugins.
Preloading 0 native plugins for Editor in 0.00 ms.
Initialize engine version: 2021.3.19f1 (c9714fde33b6)
[Subsystems] Discovering subsystems at path C:/Program Files/Unity/Hub/Editor/2021.3.19f1/Editor/Data/Resources/UnitySubsystems
[Subsystems] Discovering subsystems at path C:/Users/yoann/OneDrive - SUPINFO/YEAR2/2PROJ-Unity/2PROJ Tower Defense/Assets
GfxDevice: creating device client; threaded=0; jobified=0
Direct3D:
    Version:  Direct3D 11.0 [level 11.1]
    Renderer: NVIDIA Quadro T1000 (ID=0x1fb9)
    Vendor:   NVIDIA
    VRAM:     3962 MB
    Driver:   26.21.14.4294
Initialize mono
Mono path[0] = 'C:/Program Files/Unity/Hub/Editor/2021.3.19f1/Editor/Data/Managed'
Mono path[1] = 'C:/Program Files/Unity/Hub/Editor/2021.3.19f1/Editor/Data/MonoBleedingEdge/lib/mono/unityjit-win32'
Mono config path = 'C:/Program Files/Unity/Hub/Editor/2021.3.19f1/Editor/Data/MonoBleedingEdge/etc'
Using monoOptions --debugger-agent=transport=dt_socket,embedding=1,server=y,suspend=n,address=127.0.0.1:56156
Begin MonoManager ReloadAssembly
Registering precompiled unity dll's ...
Register platform support module: C:/Program Files/Unity/Hub/Editor/2021.3.19f1/Editor/Data/PlaybackEngines/WebGLSupport/UnityEditor.WebGL.Extensions.dll
Register platform support module: C:/Program Files/Unity/Hub/Editor/2021.3.19f1/Editor/Data/PlaybackEngines/WindowsStandaloneSupport/UnityEditor.WindowsStandalone.Extensions.dll
Registered in 0.008776 seconds.
Native extension for WindowsStandalone target not found
Native extension for WebGL target not found
Refreshing native plugins compatible for Editor in 105.67 ms, found 4 plugins.
Preloading 0 native plugins for Editor in 0.00 ms.
Mono: successfully reloaded assembly
- Completed reload, in  0.775 seconds
Domain Reload Profiling:
	ReloadAssembly (775ms)
		BeginReloadAssembly (96ms)
			ExecutionOrderSort (0ms)
			DisableScriptedObjects (0ms)
			BackupInstance (0ms)
			ReleaseScriptingObjects (0ms)
			CreateAndSetChildDomain (1ms)
		EndReloadAssembly (541ms)
			LoadAssemblies (94ms)
			RebuildTransferFunctionScriptingTraits (0ms)
			SetupTypeCache (131ms)
			ReleaseScriptCaches (0ms)
			RebuildScriptCaches (31ms)
			SetupLoadedEditorAssemblies (320ms)
				LogAssemblyErrors (0ms)
				InitializePlatformSupportModulesInManaged (11ms)
				SetLoadedEditorAssemblies (0ms)
				RefreshPlugins (106ms)
				BeforeProcessingInitializeOnLoad (1ms)
				ProcessInitializeOnLoadAttributes (154ms)
				ProcessInitializeOnLoadMethodAttributes (49ms)
				AfterProcessingInitializeOnLoad (0ms)
				EditorAssembliesLoaded (0ms)
			ExecutionOrderSort2 (0ms)
			AwakeInstancesAfterBackupRestoration (0ms)
Platform modules already initialized, skipping
Registering precompiled user dll's ...
Registered in 0.007696 seconds.
Begin MonoManager ReloadAssembly
Symbol file LoadedFromMemory doesn't match image C:\Users\yoann\OneDrive - SUPINFO\YEAR2\2PROJ-Unity\2PROJ Tower Defense\Library\PackageCache\com.unity.visualscripting@1.8.0\Editor\VisualScripting.Core\Dependencies\YamlDotNet\Unity.VisualScripting.YamlDotNet.dll
Symbol file LoadedFromMemory doesn't match image C:\Users\yoann\OneDrive - SUPINFO\YEAR2\2PROJ-Unity\2PROJ Tower Defense\Library\PackageCache\com.unity.visualscripting@1.8.0\Editor\VisualScripting.Core\Dependencies\DotNetZip\Unity.VisualScripting.IonicZip.dll
Native extension for WindowsStandalone target not found
Native extension for WebGL target not found
Refreshing native plugins compatible for Editor in 106.62 ms, found 4 plugins.
Preloading 0 native plugins for Editor in 0.00 ms.
Mono: successfully reloaded assembly
- Completed reload, in  1.337 seconds
Domain Reload Profiling:
	ReloadAssembly (1338ms)
		BeginReloadAssembly (131ms)
			ExecutionOrderSort (0ms)
			DisableScriptedObjects (6ms)
			BackupInstance (0ms)
			ReleaseScriptingObjects (0ms)
			CreateAndSetChildDomain (22ms)
		EndReloadAssembly (1053ms)
			LoadAssemblies (101ms)
			RebuildTransferFunctionScriptingTraits (0ms)
			SetupTypeCache (282ms)
			ReleaseScriptCaches (1ms)
			RebuildScriptCaches (70ms)
			SetupLoadedEditorAssemblies (543ms)
				LogAssemblyErrors (0ms)
				InitializePlatformSupportModulesInManaged (8ms)
				SetLoadedEditorAssemblies (0ms)
				RefreshPlugins (107ms)
				BeforeProcessingInitializeOnLoad (113ms)
				ProcessInitializeOnLoadAttributes (264ms)
				ProcessInitializeOnLoadMethodAttributes (43ms)
				AfterProcessingInitializeOnLoad (8ms)
				EditorAssembliesLoaded (0ms)
			ExecutionOrderSort2 (0ms)
			AwakeInstancesAfterBackupRestoration (6ms)
Platform modules already initialized, skipping
========================================================================
Worker process is ready to serve import requests
Launched and connected shader compiler UnityShaderCompiler.exe after 0.04 seconds
Refreshing native plugins compatible for Editor in 1.03 ms, found 4 plugins.
Preloading 0 native plugins for Editor in 0.00 ms.
Unloading 3734 Unused Serialized files (Serialized files now loaded: 0)
Unloading 41 unused Assets / (229.0 KB). Loaded Objects now: 4188.
Memory consumption went from 142.7 MB to 142.5 MB.
Total: 3.322100 ms (FindLiveObjects: 0.309800 ms CreateObjectMapping: 0.270900 ms MarkObjects: 2.594000 ms  DeleteObjects: 0.146600 ms)

AssetImportParameters requested are different than current active one (requested -> active):
  custom:video-decoder-ogg-theora: a1e56fd34408186e4bbccfd4996cb3dc -> 
  custom:container-muxer-webm: aa71ff27fc2769a1b78a27578f13a17b -> 
  custom:container-demuxer-webm: 4f35f7cbe854078d1ac9338744f61a02 -> 
  custom:video-encoder-webm-vp8: eb34c28f22e8b96e1ab97ce403110664 -> 
  custom:audio-encoder-webm-vorbis: bf7c407c2cedff20999df2af8eb42d56 -> 
  custom:framework-win-MediaFoundation: 216162199b28c13a410421893ffa2e32 -> 
  custom:container-demuxer-ogg: 62fdf1f143b41e24485cea50d1cbac27 -> 
  custom:video-decoder-webm-vp8: 9c59270c3fd7afecdb556c50c9e8de78 -> 
  custom:audio-decoder-ogg-vorbis: bf7c407c2cedff20999df2af8eb42d56 -> 
========================================================================
Received Import Request.
  Time since last request: 154141.958823 seconds.
  path: Assets/Landscapes/New Palette 1.prefab
  artifactKey: Guid(a032cb36f38bc354e929f3c3e545e520) Importer(815301076,1909f56bfc062723c751e8b465ee728b)
Start importing Assets/Landscapes/New Palette 1.prefab using Guid(a032cb36f38bc354e929f3c3e545e520) Importer(815301076,1909f56bfc062723c751e8b465ee728b)  -> (artifact id: '3ceea7837883fd50d349ef5ccc9555d5') in 0.131551 seconds 
========================================================================
Received Import Request.
  Time since last request: 61.662207 seconds.
  path: Assets/Landscapes/New Palette.prefab
  artifactKey: Guid(1535aaa3a0897ec4598e8545d2e21914) Importer(815301076,1909f56bfc062723c751e8b465ee728b)
Start importing Assets/Landscapes/New Palette.prefab using Guid(1535aaa3a0897ec4598e8545d2e21914) Importer(815301076,1909f56bfc062723c751e8b465ee728b)  -> (artifact id: 'd04e322c83721b5e2b8ce8c94cf03d88') in 0.011157 seconds 
========================================================================
Received Import Request.
  Time since last request: 69.941893 seconds.
  path: Assets/Landscapes/New Palette.prefab
  artifactKey: Guid(1535aaa3a0897ec4598e8545d2e21914) Importer(815301076,1909f56bfc062723c751e8b465ee728b)
Start importing Assets/Landscapes/New Palette.prefab using Guid(1535aaa3a0897ec4598e8545d2e21914) Importer(815301076,1909f56bfc062723c751e8b465ee728b)  -> (artifact id: '44334d910be4fd02fdf5185d177f1e21') in 0.012940 seconds 
========================================================================
Received Import Request.
  Time since last request: 45.915669 seconds.
  path: Assets/Landscapes/New Palette 1.prefab
  artifactKey: Guid(a032cb36f38bc354e929f3c3e545e520) Importer(815301076,1909f56bfc062723c751e8b465ee728b)
Start importing Assets/Landscapes/New Palette 1.prefab using Guid(a032cb36f38bc354e929f3c3e545e520) Importer(815301076,1909f56bfc062723c751e8b465ee728b)  -> (artifact id: '64c06ba6e0b35df8cc50253f5d8b30cd') in 0.011725 seconds 
========================================================================
Received Import Request.
  Time since last request: 32.315722 seconds.
  path: Assets/Landscapes/Sprites/New Palette.prefab
  artifactKey: Guid(87e425331de024d4fb13247afb9e21e3) Importer(815301076,1909f56bfc062723c751e8b465ee728b)
Start importing Assets/Landscapes/Sprites/New Palette.prefab using Guid(87e425331de024d4fb13247afb9e21e3) Importer(815301076,1909f56bfc062723c751e8b465ee728b)  -> (artifact id: '6cc8ce0d045a7dc671b2931fa2408e05') in 0.020938 seconds 
========================================================================
Received Import Request.
  Time since last request: 2.167395 seconds.
  path: Assets/Landscapes/Sprites/New Palette.prefab
  artifactKey: Guid(87e425331de024d4fb13247afb9e21e3) Importer(815301076,1909f56bfc062723c751e8b465ee728b)
Start importing Assets/Landscapes/Sprites/New Palette.prefab using Guid(87e425331de024d4fb13247afb9e21e3) Importer(815301076,1909f56bfc062723c751e8b465ee728b)  -> (artifact id: 'e4acd6286d0f0603d0641ef610fc8368') in 0.012310 seconds 
========================================================================
Received Import Request.
  Time since last request: 11.520583 seconds.
  path: Assets/Landscapes/Sprites/New Palette.prefab
  artifactKey: Guid(87e425331de024d4fb13247afb9e21e3) Importer(815301076,1909f56bfc062723c751e8b465ee728b)
Start importing Assets/Landscapes/Sprites/New Palette.prefab using Guid(87e425331de024d4fb13247afb9e21e3) Importer(815301076,1909f56bfc062723c751e8b465ee728b)  -> (artifact id: '69eafa0bc92beeb9b635b8e7c014ccbe') in 0.013227 seconds 
========================================================================
Received Import Request.
  Time since last request: 35.023681 seconds.
  path: Assets/Landscapes/Sprites/New Palette 1.prefab
  artifactKey: Guid(d6c8e963613aef04d9e99750d7667de3) Importer(815301076,1909f56bfc062723c751e8b465ee728b)
Start importing Assets/Landscapes/Sprites/New Palette 1.prefab using Guid(d6c8e963613aef04d9e99750d7667de3) Importer(815301076,1909f56bfc062723c751e8b465ee728b)  -> (artifact id: 'dd1ab9c5d518669bdcd2e5c057b710b6') in 0.010665 seconds 
========================================================================
Received Import Request.
  Time since last request: 2.354846 seconds.
  path: Assets/Landscapes/Sprites/New Palette 1.prefab
  artifactKey: Guid(d6c8e963613aef04d9e99750d7667de3) Importer(815301076,1909f56bfc062723c751e8b465ee728b)
Start importing Assets/Landscapes/Sprites/New Palette 1.prefab using Guid(d6c8e963613aef04d9e99750d7667de3) Importer(815301076,1909f56bfc062723c751e8b465ee728b)  -> (artifact id: '21dc3dbf168fc47c91780fceeeb4a791') in 0.013670 seconds 
========================================================================
Received Import Request.
  Time since last request: 57.990341 seconds.
  path: Assets/Landscapes/Sprites/New Palette 2.prefab
  artifactKey: Guid(b79d54f39973af14ab4539a6f4df6173) Importer(815301076,1909f56bfc062723c751e8b465ee728b)
Start importing Assets/Landscapes/Sprites/New Palette 2.prefab using Guid(b79d54f39973af14ab4539a6f4df6173) Importer(815301076,1909f56bfc062723c751e8b465ee728b)  -> (artifact id: '82a17334ee58a3919f09ff1a8357580e') in 0.012360 seconds 
========================================================================
Received Import Request.
  Time since last request: 1.828898 seconds.
  path: Assets/Landscapes/Sprites/New Palette 2.prefab
  artifactKey: Guid(b79d54f39973af14ab4539a6f4df6173) Importer(815301076,1909f56bfc062723c751e8b465ee728b)
Start importing Assets/Landscapes/Sprites/New Palette 2.prefab using Guid(b79d54f39973af14ab4539a6f4df6173) Importer(815301076,1909f56bfc062723c751e8b465ee728b)  -> (artifact id: 'a992fe53daca5c7cef1c0734c54814e6') in 0.012577 seconds 
========================================================================
Received Import Request.
  Time since last request: 47.704091 seconds.
  path: Assets/Landscapes/New Palette 1.prefab
  artifactKey: Guid(a032cb36f38bc354e929f3c3e545e520) Importer(815301076,1909f56bfc062723c751e8b465ee728b)
Start importing Assets/Landscapes/New Palette 1.prefab using Guid(a032cb36f38bc354e929f3c3e545e520) Importer(815301076,1909f56bfc062723c751e8b465ee728b)  -> (artifact id: '0db7c258cf1238de2ac9c1a5c51a12ed') in 0.012293 seconds 
========================================================================
Received Import Request.
  Time since last request: 39.177876 seconds.
  path: Assets/Landscapes/New Palette.prefab
  artifactKey: Guid(1535aaa3a0897ec4598e8545d2e21914) Importer(815301076,1909f56bfc062723c751e8b465ee728b)
Start importing Assets/Landscapes/New Palette.prefab using Guid(1535aaa3a0897ec4598e8545d2e21914) Importer(815301076,1909f56bfc062723c751e8b465ee728b)  -> (artifact id: '9126bcd6bc239c107fbcc307da4b2cb3') in 0.012084 seconds 
========================================================================
Received Import Request.
  Time since last request: 77.508192 seconds.
  path: Assets/Landscapes/Sprites/New Palette.prefab
  artifactKey: Guid(87e425331de024d4fb13247afb9e21e3) Importer(815301076,1909f56bfc062723c751e8b465ee728b)
Start importing Assets/Landscapes/Sprites/New Palette.prefab using Guid(87e425331de024d4fb13247afb9e21e3) Importer(815301076,1909f56bfc062723c751e8b465ee728b)  -> (artifact id: '7a480cd13b1c302474136d2e8e07ca1a') in 0.010664 seconds 
========================================================================
Received Import Request.
  Time since last request: 1.428769 seconds.
  path: Assets/Landscapes/Sprites/New Palette.prefab
  artifactKey: Guid(87e425331de024d4fb13247afb9e21e3) Importer(815301076,1909f56bfc062723c751e8b465ee728b)
Start importing Assets/Landscapes/Sprites/New Palette.prefab using Guid(87e425331de024d4fb13247afb9e21e3) Importer(815301076,1909f56bfc062723c751e8b465ee728b)  -> (artifact id: '8499ee12f45ffbc2e84d627ba385a7d6') in 0.011713 seconds 
========================================================================
Received Import Request.
  Time since last request: 2.717131 seconds.
  path: Assets/Landscapes/Sprites/New Palette.prefab
  artifactKey: Guid(87e425331de024d4fb13247afb9e21e3) Importer(815301076,1909f56bfc062723c751e8b465ee728b)
Start importing Assets/Landscapes/Sprites/New Palette.prefab using Guid(87e425331de024d4fb13247afb9e21e3) Importer(815301076,1909f56bfc062723c751e8b465ee728b)  -> (artifact id: '7b846faffbbdb33ed81cc95dfaeb7efd') in 0.012237 seconds 
========================================================================
Received Import Request.
  Time since last request: 2.562922 seconds.
  path: Assets/Landscapes/Sprites/New Palette.prefab
  artifactKey: Guid(87e425331de024d4fb13247afb9e21e3) Importer(815301076,1909f56bfc062723c751e8b465ee728b)
Start importing Assets/Landscapes/Sprites/New Palette.prefab using Guid(87e425331de024d4fb13247afb9e21e3) Importer(815301076,1909f56bfc062723c751e8b465ee728b)  -> (artifact id: '76c1657810d3c8680da7e06df10ad7ee') in 0.011518 seconds 
========================================================================
Received Import Request.
  Time since last request: 4.170060 seconds.
  path: Assets/Landscapes/Sprites/New Palette.prefab
  artifactKey: Guid(87e425331de024d4fb13247afb9e21e3) Importer(815301076,1909f56bfc062723c751e8b465ee728b)
Start importing Assets/Landscapes/Sprites/New Palette.prefab using Guid(87e425331de024d4fb13247afb9e21e3) Importer(815301076,1909f56bfc062723c751e8b465ee728b)  -> (artifact id: '8ddd7d8870abf96a640432242f3420e2') in 0.015003 seconds 
========================================================================
Received Import Request.
  Time since last request: 4.611436 seconds.
  path: Assets/Landscapes/Sprites/New Palette.prefab
  artifactKey: Guid(87e425331de024d4fb13247afb9e21e3) Importer(815301076,1909f56bfc062723c751e8b465ee728b)
Start importing Assets/Landscapes/Sprites/New Palette.prefab using Guid(87e425331de024d4fb13247afb9e21e3) Importer(815301076,1909f56bfc062723c751e8b465ee728b)  -> (artifact id: '3dbb90a40311a9b19f04fc329acf4231') in 0.013001 seconds 
========================================================================
Received Import Request.
  Time since last request: 6.540711 seconds.
  path: Assets/Landscapes/Sprites/New Palette.prefab
  artifactKey: Guid(87e425331de024d4fb13247afb9e21e3) Importer(815301076,1909f56bfc062723c751e8b465ee728b)
Start importing Assets/Landscapes/Sprites/New Palette.prefab using Guid(87e425331de024d4fb13247afb9e21e3) Importer(815301076,1909f56bfc062723c751e8b465ee728b)  -> (artifact id: 'a1f3ee02e1d8051cbb0e217bf2ad3296') in 0.013991 seconds 
========================================================================
Received Import Request.
  Time since last request: 32.513306 seconds.
  path: Assets/Landscapes/Sprites/New Palette 1.prefab
  artifactKey: Guid(d6c8e963613aef04d9e99750d7667de3) Importer(815301076,1909f56bfc062723c751e8b465ee728b)
Start importing Assets/Landscapes/Sprites/New Palette 1.prefab using Guid(d6c8e963613aef04d9e99750d7667de3) Importer(815301076,1909f56bfc062723c751e8b465ee728b)  -> (artifact id: 'c99fb68f4910105dc8376679a9e3c398') in 0.009856 seconds 
========================================================================
Received Import Request.
  Time since last request: 2.225861 seconds.
  path: Assets/Landscapes/Sprites/New Palette 1.prefab
  artifactKey: Guid(d6c8e963613aef04d9e99750d7667de3) Importer(815301076,1909f56bfc062723c751e8b465ee728b)
Start importing Assets/Landscapes/Sprites/New Palette 1.prefab using Guid(d6c8e963613aef04d9e99750d7667de3) Importer(815301076,1909f56bfc062723c751e8b465ee728b)  -> (artifact id: '26b76b4ae912c5b53f87dabd6d4ecd4f') in 0.010446 seconds 
========================================================================
Received Import Request.
  Time since last request: 4.691654 seconds.
  path: Assets/Landscapes/Sprites/New Palette 1.prefab
  artifactKey: Guid(d6c8e963613aef04d9e99750d7667de3) Importer(815301076,1909f56bfc062723c751e8b465ee728b)
Start importing Assets/Landscapes/Sprites/New Palette 1.prefab using Guid(d6c8e963613aef04d9e99750d7667de3) Importer(815301076,1909f56bfc062723c751e8b465ee728b)  -> (artifact id: 'f64a3cb4109362cd14727a5171fd0ca6') in 0.012957 seconds 
========================================================================
Received Import Request.
  Time since last request: 4.942301 seconds.
  path: Assets/Landscapes/Sprites/New Palette 1.prefab
  artifactKey: Guid(d6c8e963613aef04d9e99750d7667de3) Importer(815301076,1909f56bfc062723c751e8b465ee728b)
Start importing Assets/Landscapes/Sprites/New Palette 1.prefab using Guid(d6c8e963613aef04d9e99750d7667de3) Importer(815301076,1909f56bfc062723c751e8b465ee728b)  -> (artifact id: '26783ee9472ddd8ca5b76b25e4f23838') in 0.012599 seconds 
========================================================================
Received Import Request.
  Time since last request: 34.724123 seconds.
  path: Assets/Landscapes/Sprites/New Palette 2.prefab
  artifactKey: Guid(b79d54f39973af14ab4539a6f4df6173) Importer(815301076,1909f56bfc062723c751e8b465ee728b)
Start importing Assets/Landscapes/Sprites/New Palette 2.prefab using Guid(b79d54f39973af14ab4539a6f4df6173) Importer(815301076,1909f56bfc062723c751e8b465ee728b)  -> (artifact id: '0dfe249bde233fe1a7386cd06b7c4b8b') in 0.014944 seconds 
========================================================================
Received Import Request.
  Time since last request: 1.903414 seconds.
  path: Assets/Landscapes/Sprites/New Palette 2.prefab
  artifactKey: Guid(b79d54f39973af14ab4539a6f4df6173) Importer(815301076,1909f56bfc062723c751e8b465ee728b)
Start importing Assets/Landscapes/Sprites/New Palette 2.prefab using Guid(b79d54f39973af14ab4539a6f4df6173) Importer(815301076,1909f56bfc062723c751e8b465ee728b)  -> (artifact id: '5dbf7360582bc0f909f1f4b50fa616cc') in 0.010429 seconds 
========================================================================
Received Import Request.
  Time since last request: 2.507086 seconds.
  path: Assets/Landscapes/Sprites/New Palette 2.prefab
  artifactKey: Guid(b79d54f39973af14ab4539a6f4df6173) Importer(815301076,1909f56bfc062723c751e8b465ee728b)
Start importing Assets/Landscapes/Sprites/New Palette 2.prefab using Guid(b79d54f39973af14ab4539a6f4df6173) Importer(815301076,1909f56bfc062723c751e8b465ee728b)  -> (artifact id: '672c228e1e24bc787a0de8be48e3edcf') in 0.015407 seconds 
========================================================================
Received Import Request.
  Time since last request: 7.327872 seconds.
  path: Assets/Landscapes/Sprites/New Palette 2.prefab
  artifactKey: Guid(b79d54f39973af14ab4539a6f4df6173) Importer(815301076,1909f56bfc062723c751e8b465ee728b)
Start importing Assets/Landscapes/Sprites/New Palette 2.prefab using Guid(b79d54f39973af14ab4539a6f4df6173) Importer(815301076,1909f56bfc062723c751e8b465ee728b)  -> (artifact id: 'a2fa0941d28b9bf5a02ace6660958c40') in 0.012084 seconds 
========================================================================
Received Import Request.
  Time since last request: 23.510388 seconds.
  path: Assets/Landscapes/New Palette.prefab
  artifactKey: Guid(1535aaa3a0897ec4598e8545d2e21914) Importer(815301076,1909f56bfc062723c751e8b465ee728b)
Start importing Assets/Landscapes/New Palette.prefab using Guid(1535aaa3a0897ec4598e8545d2e21914) Importer(815301076,1909f56bfc062723c751e8b465ee728b)  -> (artifact id: '137198b9a6519673c0f0616cae49e634') in 0.010724 seconds 
========================================================================
Received Import Request.
  Time since last request: 177.824437 seconds.
  path: Assets/Landscapes/Landscape Palette.prefab
  artifactKey: Guid(c61a13319406e0b49a6403e62423ee48) Importer(815301076,1909f56bfc062723c751e8b465ee728b)
Start importing Assets/Landscapes/Landscape Palette.prefab using Guid(c61a13319406e0b49a6403e62423ee48) Importer(815301076,1909f56bfc062723c751e8b465ee728b)  -> (artifact id: '96bc3557cf94bf198805b1bff3368046') in 0.014158 seconds 
========================================================================
Received Import Request.
  Time since last request: 24.705790 seconds.
  path: Assets/Landscapes/PNGs
  artifactKey: Guid(e4688ff4d358a4f49af3e9a5fd9af4cd) Importer(815301076,1909f56bfc062723c751e8b465ee728b)
Start importing Assets/Landscapes/PNGs using Guid(e4688ff4d358a4f49af3e9a5fd9af4cd) Importer(815301076,1909f56bfc062723c751e8b465ee728b)  -> (artifact id: '664fb8fa80fc6a50f3de6d4850fb3c31') in 0.006199 seconds 
========================================================================
Received Import Request.
  Time since last request: 443.867720 seconds.
  path: Assets/Landscapes/Sprites/landscape_36_out.asset
  artifactKey: Guid(db840c8fb4c05404d82787f91787d9fb) Importer(815301076,1909f56bfc062723c751e8b465ee728b)
Start importing Assets/Landscapes/Sprites/landscape_36_out.asset using Guid(db840c8fb4c05404d82787f91787d9fb) Importer(815301076,1909f56bfc062723c751e8b465ee728b)  -> (artifact id: 'ef54347c926ec4145abbc601b17f05b3') in 0.021160 seconds 
========================================================================
Received Import Request.
  Time since last request: 33.612244 seconds.
  path: Assets/Landscapes/Sprites/landscape_33_out.asset
  artifactKey: Guid(1eb749b8b34cfe44c985805d80d2b695) Importer(815301076,1909f56bfc062723c751e8b465ee728b)
Start importing Assets/Landscapes/Sprites/landscape_33_out.asset using Guid(1eb749b8b34cfe44c985805d80d2b695) Importer(815301076,1909f56bfc062723c751e8b465ee728b)  -> (artifact id: '054bab443205659711749196a30127e4') in 0.013577 seconds 
========================================================================
Received Import Request.
  Time since last request: 71.868186 seconds.
  path: Assets/Landscapes/Landscape Palette.prefab
  artifactKey: Guid(c61a13319406e0b49a6403e62423ee48) Importer(815301076,1909f56bfc062723c751e8b465ee728b)
Start importing Assets/Landscapes/Landscape Palette.prefab using Guid(c61a13319406e0b49a6403e62423ee48) Importer(815301076,1909f56bfc062723c751e8b465ee728b)  -> (artifact id: 'dd43254b48fcbcbe1816e92df8b49de9') in 0.025768 seconds 
========================================================================
Received Import Request.
  Time since last request: 963.892691 seconds.
  path: Assets/Landscapes/PNGs/landscape_08_out.asset
  artifactKey: Guid(16cfd0580a26c5a4fa01abc07e5da484) Importer(815301076,1909f56bfc062723c751e8b465ee728b)
Start importing Assets/Landscapes/PNGs/landscape_08_out.asset using Guid(16cfd0580a26c5a4fa01abc07e5da484) Importer(815301076,1909f56bfc062723c751e8b465ee728b)  -> (artifact id: '8d84a6826067cc4d20235ebd68c44e92') in 0.016150 seconds 
========================================================================
Received Import Request.
  Time since last request: 7.041646 seconds.
  path: Assets/Landscapes/Sprites/landscape_09_out.asset
  artifactKey: Guid(70304078e03a0114bbdc3010a06a2830) Importer(815301076,1909f56bfc062723c751e8b465ee728b)
Start importing Assets/Landscapes/Sprites/landscape_09_out.asset using Guid(70304078e03a0114bbdc3010a06a2830) Importer(815301076,1909f56bfc062723c751e8b465ee728b)  -> (artifact id: '2d1ae71c6758c4c0e99fb230659a65e3') in 0.013072 seconds 
========================================================================
Received Import Request.
  Time since last request: 0.000027 seconds.
  path: Assets/Landscapes/Sprites/landscape_27_out.asset
  artifactKey: Guid(8a25de6856777624581f9bfc992b7860) Importer(815301076,1909f56bfc062723c751e8b465ee728b)
Start importing Assets/Landscapes/Sprites/landscape_27_out.asset using Guid(8a25de6856777624581f9bfc992b7860) Importer(815301076,1909f56bfc062723c751e8b465ee728b)  -> (artifact id: '6c53c128bfb3124d126865a6b0ec9412') in 0.013783 seconds 
========================================================================
Received Import Request.
  Time since last request: 0.000022 seconds.
  path: Assets/Landscapes/Sprites/landscape_25_out.asset
  artifactKey: Guid(27c37432148471949addbac051b14d0d) Importer(815301076,1909f56bfc062723c751e8b465ee728b)
Start importing Assets/Landscapes/Sprites/landscape_25_out.asset using Guid(27c37432148471949addbac051b14d0d) Importer(815301076,1909f56bfc062723c751e8b465ee728b)  -> (artifact id: '6179188c07afc91fe523762ba8931e91') in 0.014403 seconds 
========================================================================
Received Import Request.
  Time since last request: 0.000050 seconds.
  path: Assets/Landscapes/Sprites/landscape_28_out.asset
  artifactKey: Guid(6b334a9687868454eaf89e5a43f9f072) Importer(815301076,1909f56bfc062723c751e8b465ee728b)
Start importing Assets/Landscapes/Sprites/landscape_28_out.asset using Guid(6b334a9687868454eaf89e5a43f9f072) Importer(815301076,1909f56bfc062723c751e8b465ee728b)  -> (artifact id: '97f72b4962e924808302fa72283c66a1') in 0.015941 seconds 
========================================================================
Received Import Request.
  Time since last request: 0.000037 seconds.
  path: Assets/Landscapes/Sprites/landscape_38_out.asset
  artifactKey: Guid(ce7a0278d1d1c694dbd6a620d607cc99) Importer(815301076,1909f56bfc062723c751e8b465ee728b)
Start importing Assets/Landscapes/Sprites/landscape_38_out.asset using Guid(ce7a0278d1d1c694dbd6a620d607cc99) Importer(815301076,1909f56bfc062723c751e8b465ee728b)  -> (artifact id: '189c4c3902ac9bb1098ecbf483a2d638') in 0.014630 seconds 
========================================================================
Received Import Request.
  Time since last request: 0.000046 seconds.
  path: Assets/Landscapes/Sprites/landscape_35_out.asset
  artifactKey: Guid(e159e128a53b4ef42b587244afe3a572) Importer(815301076,1909f56bfc062723c751e8b465ee728b)
Start importing Assets/Landscapes/Sprites/landscape_35_out.asset using Guid(e159e128a53b4ef42b587244afe3a572) Importer(815301076,1909f56bfc062723c751e8b465ee728b)  -> (artifact id: '59827107097f157f5dc8d95a0739f8c0') in 0.012819 seconds 
========================================================================
Received Import Request.
  Time since last request: 0.000029 seconds.
  path: Assets/Landscapes/Sprites/landscape_16_out.asset
  artifactKey: Guid(947a59c7c3750984285c1b810c5e48e4) Importer(815301076,1909f56bfc062723c751e8b465ee728b)
Start importing Assets/Landscapes/Sprites/landscape_16_out.asset using Guid(947a59c7c3750984285c1b810c5e48e4) Importer(815301076,1909f56bfc062723c751e8b465ee728b)  -> (artifact id: '030f8fdbea29bfe74df05638226ce639') in 0.013017 seconds 
========================================================================
Received Import Request.
  Time since last request: 0.000030 seconds.
  path: Assets/Landscapes/Sprites/landscape_34_out.asset
  artifactKey: Guid(f555dfa334c6cd34cbb0accd533556bf) Importer(815301076,1909f56bfc062723c751e8b465ee728b)
Start importing Assets/Landscapes/Sprites/landscape_34_out.asset using Guid(f555dfa334c6cd34cbb0accd533556bf) Importer(815301076,1909f56bfc062723c751e8b465ee728b)  -> (artifact id: 'd2eca4932756c8e0d71f35fbacb5906c') in 0.013733 seconds 
========================================================================
Received Import Request.
  Time since last request: 0.000028 seconds.
  path: Assets/Landscapes/Sprites/landscape_30_out.asset
  artifactKey: Guid(fedfb4746d60ba44aa76d1edcccb1fb1) Importer(815301076,1909f56bfc062723c751e8b465ee728b)
Start importing Assets/Landscapes/Sprites/landscape_30_out.asset using Guid(fedfb4746d60ba44aa76d1edcccb1fb1) Importer(815301076,1909f56bfc062723c751e8b465ee728b)  -> (artifact id: 'aae6c62c7ba6697fcc06387a1099a744') in 0.013052 seconds 
========================================================================
Received Import Request.
  Time since last request: 0.000021 seconds.
  path: Assets/Landscapes/Sprites/landscape_20_out.asset
  artifactKey: Guid(a067088b10b65cc47bf05f33a7003e59) Importer(815301076,1909f56bfc062723c751e8b465ee728b)
Start importing Assets/Landscapes/Sprites/landscape_20_out.asset using Guid(a067088b10b65cc47bf05f33a7003e59) Importer(815301076,1909f56bfc062723c751e8b465ee728b)  -> (artifact id: '8d069dfc961f2fedbbcc3a528b6bd0e1') in 0.014313 seconds 
========================================================================
Received Import Request.
  Time since last request: 0.000024 seconds.
  path: Assets/Landscapes/Sprites/landscape_23_out.asset
  artifactKey: Guid(c89618a4e88a92944b52d84c2d91925c) Importer(815301076,1909f56bfc062723c751e8b465ee728b)
Start importing Assets/Landscapes/Sprites/landscape_23_out.asset using Guid(c89618a4e88a92944b52d84c2d91925c) Importer(815301076,1909f56bfc062723c751e8b465ee728b)  -> (artifact id: '3af9918827099f22a6d2618a89f8b8fa') in 0.015326 seconds 
========================================================================
Received Import Request.
  Time since last request: 0.000018 seconds.
  path: Assets/Landscapes/Sprites/landscape_14_out.asset
  artifactKey: Guid(d82e6e6e6e3545346937e3d31395a14f) Importer(815301076,1909f56bfc062723c751e8b465ee728b)
Start importing Assets/Landscapes/Sprites/landscape_14_out.asset using Guid(d82e6e6e6e3545346937e3d31395a14f) Importer(815301076,1909f56bfc062723c751e8b465ee728b)  -> (artifact id: '922307eb6fdf799aa146fbb92684dc40') in 0.013032 seconds 
========================================================================
Received Import Request.
  Time since last request: 0.000026 seconds.
  path: Assets/Landscapes/Sprites/landscape_29_out.asset
  artifactKey: Guid(e92be153901f55347a6ca5520bd95381) Importer(815301076,1909f56bfc062723c751e8b465ee728b)
Start importing Assets/Landscapes/Sprites/landscape_29_out.asset using Guid(e92be153901f55347a6ca5520bd95381) Importer(815301076,1909f56bfc062723c751e8b465ee728b)  -> (artifact id: 'a7ac4474778aa47307c92a20b23708db') in 0.014642 seconds 
========================================================================
Received Import Request.
  Time since last request: 135.187255 seconds.
  path: Assets/Landscapes/Sprites/landscape_12_out.asset
  artifactKey: Guid(c640b02fa984e2844a95d403e5d392ce) Importer(815301076,1909f56bfc062723c751e8b465ee728b)
Start importing Assets/Landscapes/Sprites/landscape_12_out.asset using Guid(c640b02fa984e2844a95d403e5d392ce) Importer(815301076,1909f56bfc062723c751e8b465ee728b)  -> (artifact id: '4acb0b78e9c3cee3e50ff9a0706ef505') in 0.010071 seconds 
========================================================================
Received Import Request.
  Time since last request: 0.000027 seconds.
  path: Assets/Landscapes/Sprites/landscape_18_out.asset
  artifactKey: Guid(ae43cf7e78668364799e02f26f483315) Importer(815301076,1909f56bfc062723c751e8b465ee728b)
Start importing Assets/Landscapes/Sprites/landscape_18_out.asset using Guid(ae43cf7e78668364799e02f26f483315) Importer(815301076,1909f56bfc062723c751e8b465ee728b)  -> (artifact id: 'a2f1b873d470060ed2c6c041c4364783') in 0.011950 seconds 
