Using pre-set license
Built from '2021.3/staging' branch; Version is '2021.3.19f1 (c9714fde33b6) revision 13201743'; Using compiler version '192829333'; Build Type 'Release'
OS: 'Windows 10  (10.0.19044) 64bit Professional' Language: 'en' Physical Memory: 32557 MB
BatchMode: 1, IsHumanControllingUs: 0, StartBugReporterOnCrash: 0, Is64bit: 1, IsPro: 1

COMMAND LINE ARGUMENTS:
C:\Program Files\Unity\Hub\Editor\2021.3.19f1\Editor\Unity.exe
-adb2
-batchMode
-noUpm
-name
AssetImportWorker7
-projectPath
C:/Users/yoann/OneDrive - SUPINFO/YEAR2/2PROJ-Unity/2PROJ Tower Defense
-logFile
Logs/AssetImportWorker7.log
-srvPort
55964
Successfully changed project path to: C:/Users/yoann/OneDrive - SUPINFO/YEAR2/2PROJ-Unity/2PROJ Tower Defense
C:/Users/yoann/OneDrive - SUPINFO/YEAR2/2PROJ-Unity/2PROJ Tower Defense
[UnityMemory] Configuration Parameters - Can be set up in boot.config
    "memorysetup-bucket-allocator-granularity=16"
    "memorysetup-bucket-allocator-bucket-count=8"
    "memorysetup-bucket-allocator-block-size=33554432"
    "memorysetup-bucket-allocator-block-count=8"
    "memorysetup-main-allocator-block-size=16777216"
    "memorysetup-thread-allocator-block-size=16777216"
    "memorysetup-gfx-main-allocator-block-size=16777216"
    "memorysetup-gfx-thread-allocator-block-size=16777216"
    "memorysetup-cache-allocator-block-size=4194304"
    "memorysetup-typetree-allocator-block-size=2097152"
    "memorysetup-profiler-bucket-allocator-granularity=16"
    "memorysetup-profiler-bucket-allocator-bucket-count=8"
    "memorysetup-profiler-bucket-allocator-block-size=33554432"
    "memorysetup-profiler-bucket-allocator-block-count=8"
    "memorysetup-profiler-allocator-block-size=16777216"
    "memorysetup-profiler-editor-allocator-block-size=1048576"
    "memorysetup-temp-allocator-size-main=16777216"
    "memorysetup-job-temp-allocator-block-size=2097152"
    "memorysetup-job-temp-allocator-block-size-background=1048576"
    "memorysetup-job-temp-allocator-reduction-small-platforms=262144"
    "memorysetup-temp-allocator-size-background-worker=32768"
    "memorysetup-temp-allocator-size-job-worker=262144"
    "memorysetup-temp-allocator-size-preload-manager=33554432"
    "memorysetup-temp-allocator-size-nav-mesh-worker=65536"
    "memorysetup-temp-allocator-size-audio-worker=65536"
    "memorysetup-temp-allocator-size-cloud-worker=32768"
    "memorysetup-temp-allocator-size-gi-baking-worker=262144"
    "memorysetup-temp-allocator-size-gfx=262144"
Player connection [7960] Host "[IP] 192.168.249.1 [Port] 0 [Flags] 2 [Guid] 3051918247 [EditorId] 3051918247 [Version] 1048832 [Id] WindowsEditor(7,MSI) [Debug] 1 [PackageName] WindowsEditor [ProjectName] Editor" joined multi-casting on [225.0.0.222:54997]...

Player connection [7960] Host "[IP] 192.168.249.1 [Port] 0 [Flags] 2 [Guid] 3051918247 [EditorId] 3051918247 [Version] 1048832 [Id] WindowsEditor(7,MSI) [Debug] 1 [PackageName] WindowsEditor [ProjectName] Editor" joined alternative multi-casting on [225.0.0.222:34997]...

Refreshing native plugins compatible for Editor in 126.41 ms, found 4 plugins.
Preloading 0 native plugins for Editor in 0.00 ms.
Initialize engine version: 2021.3.19f1 (c9714fde33b6)
[Subsystems] Discovering subsystems at path C:/Program Files/Unity/Hub/Editor/2021.3.19f1/Editor/Data/Resources/UnitySubsystems
[Subsystems] Discovering subsystems at path C:/Users/yoann/OneDrive - SUPINFO/YEAR2/2PROJ-Unity/2PROJ Tower Defense/Assets
GfxDevice: creating device client; threaded=0; jobified=0
Direct3D:
    Version:  Direct3D 11.0 [level 11.1]
    Renderer: NVIDIA Quadro T1000 (ID=0x1fb9)
    Vendor:   NVIDIA
    VRAM:     3962 MB
    Driver:   26.21.14.4294
Initialize mono
Mono path[0] = 'C:/Program Files/Unity/Hub/Editor/2021.3.19f1/Editor/Data/Managed'
Mono path[1] = 'C:/Program Files/Unity/Hub/Editor/2021.3.19f1/Editor/Data/MonoBleedingEdge/lib/mono/unityjit-win32'
Mono config path = 'C:/Program Files/Unity/Hub/Editor/2021.3.19f1/Editor/Data/MonoBleedingEdge/etc'
Using monoOptions --debugger-agent=transport=dt_socket,embedding=1,server=y,suspend=n,address=127.0.0.1:56912
Begin MonoManager ReloadAssembly
Registering precompiled unity dll's ...
Register platform support module: C:/Program Files/Unity/Hub/Editor/2021.3.19f1/Editor/Data/PlaybackEngines/WebGLSupport/UnityEditor.WebGL.Extensions.dll
Register platform support module: C:/Program Files/Unity/Hub/Editor/2021.3.19f1/Editor/Data/PlaybackEngines/WindowsStandaloneSupport/UnityEditor.WindowsStandalone.Extensions.dll
Registered in 0.009875 seconds.
Native extension for WindowsStandalone target not found
Native extension for WebGL target not found
Refreshing native plugins compatible for Editor in 120.19 ms, found 4 plugins.
Preloading 0 native plugins for Editor in 0.00 ms.
Mono: successfully reloaded assembly
- Completed reload, in  0.828 seconds
Domain Reload Profiling:
	ReloadAssembly (829ms)
		BeginReloadAssembly (88ms)
			ExecutionOrderSort (0ms)
			DisableScriptedObjects (0ms)
			BackupInstance (0ms)
			ReleaseScriptingObjects (0ms)
			CreateAndSetChildDomain (1ms)
		EndReloadAssembly (605ms)
			LoadAssemblies (86ms)
			RebuildTransferFunctionScriptingTraits (0ms)
			SetupTypeCache (139ms)
			ReleaseScriptCaches (0ms)
			RebuildScriptCaches (36ms)
			SetupLoadedEditorAssemblies (363ms)
				LogAssemblyErrors (0ms)
				InitializePlatformSupportModulesInManaged (10ms)
				SetLoadedEditorAssemblies (0ms)
				RefreshPlugins (120ms)
				BeforeProcessingInitializeOnLoad (1ms)
				ProcessInitializeOnLoadAttributes (175ms)
				ProcessInitializeOnLoadMethodAttributes (55ms)
				AfterProcessingInitializeOnLoad (0ms)
				EditorAssembliesLoaded (0ms)
			ExecutionOrderSort2 (0ms)
			AwakeInstancesAfterBackupRestoration (0ms)
Platform modules already initialized, skipping
Registering precompiled user dll's ...
Registered in 0.009611 seconds.
Begin MonoManager ReloadAssembly
Symbol file LoadedFromMemory doesn't match image C:\Users\yoann\OneDrive - SUPINFO\YEAR2\2PROJ-Unity\2PROJ Tower Defense\Library\PackageCache\com.unity.visualscripting@1.8.0\Editor\VisualScripting.Core\Dependencies\YamlDotNet\Unity.VisualScripting.YamlDotNet.dll
Symbol file LoadedFromMemory doesn't match image C:\Users\yoann\OneDrive - SUPINFO\YEAR2\2PROJ-Unity\2PROJ Tower Defense\Library\PackageCache\com.unity.visualscripting@1.8.0\Editor\VisualScripting.Core\Dependencies\DotNetZip\Unity.VisualScripting.IonicZip.dll
Native extension for WindowsStandalone target not found
Native extension for WebGL target not found
Refreshing native plugins compatible for Editor in 99.01 ms, found 4 plugins.
Preloading 0 native plugins for Editor in 0.00 ms.
Mono: successfully reloaded assembly
- Completed reload, in  1.835 seconds
Domain Reload Profiling:
	ReloadAssembly (1836ms)
		BeginReloadAssembly (133ms)
			ExecutionOrderSort (0ms)
			DisableScriptedObjects (7ms)
			BackupInstance (0ms)
			ReleaseScriptingObjects (0ms)
			CreateAndSetChildDomain (23ms)
		EndReloadAssembly (1572ms)
			LoadAssemblies (216ms)
			RebuildTransferFunctionScriptingTraits (0ms)
			SetupTypeCache (704ms)
			ReleaseScriptCaches (1ms)
			RebuildScriptCaches (65ms)
			SetupLoadedEditorAssemblies (548ms)
				LogAssemblyErrors (0ms)
				InitializePlatformSupportModulesInManaged (5ms)
				SetLoadedEditorAssemblies (0ms)
				RefreshPlugins (99ms)
				BeforeProcessingInitializeOnLoad (97ms)
				ProcessInitializeOnLoadAttributes (291ms)
				ProcessInitializeOnLoadMethodAttributes (46ms)
				AfterProcessingInitializeOnLoad (9ms)
				EditorAssembliesLoaded (0ms)
			ExecutionOrderSort2 (0ms)
			AwakeInstancesAfterBackupRestoration (10ms)
Platform modules already initialized, skipping
========================================================================
Worker process is ready to serve import requests
Launched and connected shader compiler UnityShaderCompiler.exe after 0.06 seconds
Refreshing native plugins compatible for Editor in 0.77 ms, found 4 plugins.
Preloading 0 native plugins for Editor in 0.00 ms.
Unloading 3736 Unused Serialized files (Serialized files now loaded: 0)
Unloading 41 unused Assets / (228.9 KB). Loaded Objects now: 4190.
Memory consumption went from 142.8 MB to 142.6 MB.
Total: 3.126800 ms (FindLiveObjects: 0.267000 ms CreateObjectMapping: 0.219100 ms MarkObjects: 2.505800 ms  DeleteObjects: 0.134200 ms)

AssetImportParameters requested are different than current active one (requested -> active):
  custom:video-decoder-ogg-theora: a1e56fd34408186e4bbccfd4996cb3dc -> 
  custom:container-muxer-webm: aa71ff27fc2769a1b78a27578f13a17b -> 
  custom:container-demuxer-webm: 4f35f7cbe854078d1ac9338744f61a02 -> 
  custom:video-encoder-webm-vp8: eb34c28f22e8b96e1ab97ce403110664 -> 
  custom:audio-encoder-webm-vorbis: bf7c407c2cedff20999df2af8eb42d56 -> 
  custom:framework-win-MediaFoundation: 216162199b28c13a410421893ffa2e32 -> 
  custom:container-demuxer-ogg: 62fdf1f143b41e24485cea50d1cbac27 -> 
  custom:video-decoder-webm-vp8: 9c59270c3fd7afecdb556c50c9e8de78 -> 
  custom:audio-decoder-ogg-vorbis: bf7c407c2cedff20999df2af8eb42d56 -> 
========================================================================
Received Import Request.
  Time since last request: 242376.107944 seconds.
  path: Assets/Resources/Isometric/Tiles/snow/snow_tile_bump_N.png
  artifactKey: Guid(f73cefba53736c640bdcd8069ae27729) Importer(815301076,1909f56bfc062723c751e8b465ee728b)
Start importing Assets/Resources/Isometric/Tiles/snow/snow_tile_bump_N.png using Guid(f73cefba53736c640bdcd8069ae27729) Importer(815301076,1909f56bfc062723c751e8b465ee728b)  -> (artifact id: '71a43c2cb8cae55ab0d6b00268dbcdc9') in 0.269248 seconds 
========================================================================
Received Import Request.
  Time since last request: 0.000037 seconds.
  path: Assets/Resources/Isometric/Tiles/snow/snow_tile_cornerOuter_S.png
  artifactKey: Guid(b9982afa91224a74886a4670eba5aac2) Importer(815301076,1909f56bfc062723c751e8b465ee728b)
Start importing Assets/Resources/Isometric/Tiles/snow/snow_tile_cornerOuter_S.png using Guid(b9982afa91224a74886a4670eba5aac2) Importer(815301076,1909f56bfc062723c751e8b465ee728b)  -> (artifact id: '70e22d06621cc13db3b61453b7157d2d') in 0.035755 seconds 
========================================================================
Received Import Request.
  Time since last request: 0.000034 seconds.
  path: Assets/Resources/Isometric/Tiles/snow/snow_tile_endRoundSpawn_E.png
  artifactKey: Guid(a1ec4910d30c2564180aff14e3de7b62) Importer(815301076,1909f56bfc062723c751e8b465ee728b)
Start importing Assets/Resources/Isometric/Tiles/snow/snow_tile_endRoundSpawn_E.png using Guid(a1ec4910d30c2564180aff14e3de7b62) Importer(815301076,1909f56bfc062723c751e8b465ee728b)  -> (artifact id: '09c242ea45980061aeefb4aba969b926') in 0.038127 seconds 
========================================================================
Received Import Request.
  Time since last request: 0.000031 seconds.
  path: Assets/Resources/Isometric/Tiles/snow/snow_tile_rock_N.png
  artifactKey: Guid(ceea0ff52570bd24fb6bd121df9b6c2b) Importer(815301076,1909f56bfc062723c751e8b465ee728b)
Start importing Assets/Resources/Isometric/Tiles/snow/snow_tile_rock_N.png using Guid(ceea0ff52570bd24fb6bd121df9b6c2b) Importer(815301076,1909f56bfc062723c751e8b465ee728b)  -> (artifact id: '22030b3f04bad82a1f875c49ae4ba6dd') in 0.036649 seconds 
========================================================================
Received Import Request.
  Time since last request: 0.000019 seconds.
  path: Assets/Resources/Isometric/Tiles/snow/snow_tile_rock_E.png
  artifactKey: Guid(4bded96a5410ef74bb67755b6335d20f) Importer(815301076,1909f56bfc062723c751e8b465ee728b)
Start importing Assets/Resources/Isometric/Tiles/snow/snow_tile_rock_E.png using Guid(4bded96a5410ef74bb67755b6335d20f) Importer(815301076,1909f56bfc062723c751e8b465ee728b)  -> (artifact id: '9c7e89a744da738995c87cd093b6646a') in 0.043771 seconds 
========================================================================
Received Import Request.
  Time since last request: 0.000029 seconds.
  path: Assets/Resources/Isometric/Tiles/snow/snow_tile_endRoundSpawn_S.png
  artifactKey: Guid(a21c20cbd8756f04b908a3bdd1a59457) Importer(815301076,1909f56bfc062723c751e8b465ee728b)
Start importing Assets/Resources/Isometric/Tiles/snow/snow_tile_endRoundSpawn_S.png using Guid(a21c20cbd8756f04b908a3bdd1a59457) Importer(815301076,1909f56bfc062723c751e8b465ee728b)  -> (artifact id: '33419dc34abd8824cab1a44fa95c9799') in 0.036834 seconds 
========================================================================
Received Import Request.
  Time since last request: 0.000020 seconds.
  path: Assets/Resources/Isometric/Tiles/snow/snow_tile_cornerLarge_S.png
  artifactKey: Guid(34475bddeb342b749b5bda4e6342d05f) Importer(815301076,1909f56bfc062723c751e8b465ee728b)
Start importing Assets/Resources/Isometric/Tiles/snow/snow_tile_cornerLarge_S.png using Guid(34475bddeb342b749b5bda4e6342d05f) Importer(815301076,1909f56bfc062723c751e8b465ee728b)  -> (artifact id: '3b47a56902fafe2316632a8a3a6792e3') in 0.033019 seconds 
========================================================================
Received Import Request.
  Time since last request: 0.000033 seconds.
  path: Assets/Resources/Isometric/Tiles/snow/snow_tile_end_N.png
  artifactKey: Guid(d716d3bde83f3b04b8c66517507cb1fc) Importer(815301076,1909f56bfc062723c751e8b465ee728b)
Start importing Assets/Resources/Isometric/Tiles/snow/snow_tile_end_N.png using Guid(d716d3bde83f3b04b8c66517507cb1fc) Importer(815301076,1909f56bfc062723c751e8b465ee728b)  -> (artifact id: 'b19d6c0438468831225f25d48749dafe') in 0.033266 seconds 
========================================================================
Received Import Request.
  Time since last request: 0.000031 seconds.
  path: Assets/Resources/Isometric/Tiles/snow/snow_tile_bump_S.png
  artifactKey: Guid(ccfd4fb10f945d9408147226830b2f88) Importer(815301076,1909f56bfc062723c751e8b465ee728b)
Start importing Assets/Resources/Isometric/Tiles/snow/snow_tile_bump_S.png using Guid(ccfd4fb10f945d9408147226830b2f88) Importer(815301076,1909f56bfc062723c751e8b465ee728b)  -> (artifact id: 'd68a0ecc600c81a656e899ab1f0a5a52') in 0.146163 seconds 
========================================================================
Received Import Request.
  Time since last request: 0.000028 seconds.
  path: Assets/Resources/Isometric/Tiles/snow/snow_tile_endRound_S.png
  artifactKey: Guid(a8d8baa8e70044241b742c62c5ddc9b6) Importer(815301076,1909f56bfc062723c751e8b465ee728b)
Start importing Assets/Resources/Isometric/Tiles/snow/snow_tile_endRound_S.png using Guid(a8d8baa8e70044241b742c62c5ddc9b6) Importer(815301076,1909f56bfc062723c751e8b465ee728b)  -> (artifact id: '744873d19f5fdf704bd1baa932d44871') in 0.041598 seconds 
========================================================================
Received Import Request.
  Time since last request: 0.000021 seconds.
  path: Assets/Resources/Isometric/Tiles/snow/snow_tile_cornerOuter_N.png
  artifactKey: Guid(fccdcf73433b9874ea71e4bc44a5eee6) Importer(815301076,1909f56bfc062723c751e8b465ee728b)
Start importing Assets/Resources/Isometric/Tiles/snow/snow_tile_cornerOuter_N.png using Guid(fccdcf73433b9874ea71e4bc44a5eee6) Importer(815301076,1909f56bfc062723c751e8b465ee728b)  -> (artifact id: 'dea7500133a1607bf8882b3a02538026') in 0.045309 seconds 
========================================================================
Received Import Request.
  Time since last request: 0.000026 seconds.
  path: Assets/Resources/Isometric/Tiles/snow/snow_tile_endRoundSpawn_N.png
  artifactKey: Guid(d9d413476f557f9468d089154ba08650) Importer(815301076,1909f56bfc062723c751e8b465ee728b)
Start importing Assets/Resources/Isometric/Tiles/snow/snow_tile_endRoundSpawn_N.png using Guid(d9d413476f557f9468d089154ba08650) Importer(815301076,1909f56bfc062723c751e8b465ee728b)  -> (artifact id: '06bce77141a3c7ac969a23be7aac3c09') in 0.036903 seconds 
========================================================================
Received Import Request.
  Time since last request: 0.000026 seconds.
  path: Assets/Resources/Isometric/Tiles/snow/snow_tile_hill_N.png
  artifactKey: Guid(98db5088e70213e44931960b27a5c82e) Importer(815301076,1909f56bfc062723c751e8b465ee728b)
Start importing Assets/Resources/Isometric/Tiles/snow/snow_tile_hill_N.png using Guid(98db5088e70213e44931960b27a5c82e) Importer(815301076,1909f56bfc062723c751e8b465ee728b)  -> (artifact id: 'c50a94d105b7c81455b8ece7b0623ea5') in 0.034751 seconds 
========================================================================
Received Import Request.
  Time since last request: 0.000029 seconds.
  path: Assets/Resources/Isometric/Tiles/snow/snow_tile_riverSlope_E.png
  artifactKey: Guid(f07c26733e69bbf40804f88386661939) Importer(815301076,1909f56bfc062723c751e8b465ee728b)
Start importing Assets/Resources/Isometric/Tiles/snow/snow_tile_riverSlope_E.png using Guid(f07c26733e69bbf40804f88386661939) Importer(815301076,1909f56bfc062723c751e8b465ee728b)  -> (artifact id: 'c7bd5a71e7bd92e1a4052ccaf1c08472') in 0.035037 seconds 
========================================================================
Received Import Request.
  Time since last request: 0.000018 seconds.
  path: Assets/Resources/Isometric/Tiles/snow/snow_tile_crossing_S.png
  artifactKey: Guid(de480f6d5bafe184eaf454fb398fcf51) Importer(815301076,1909f56bfc062723c751e8b465ee728b)
Start importing Assets/Resources/Isometric/Tiles/snow/snow_tile_crossing_S.png using Guid(de480f6d5bafe184eaf454fb398fcf51) Importer(815301076,1909f56bfc062723c751e8b465ee728b)  -> (artifact id: '59e007287e7a224b4478543dd0a27de8') in 0.046200 seconds 
========================================================================
Received Import Request.
  Time since last request: 0.000029 seconds.
  path: Assets/Resources/Isometric/Tiles/snow/snow_tile_riverSlopeLarge_S.png
  artifactKey: Guid(51ce5978118bf5649b42e75200f170db) Importer(815301076,1909f56bfc062723c751e8b465ee728b)
Start importing Assets/Resources/Isometric/Tiles/snow/snow_tile_riverSlopeLarge_S.png using Guid(51ce5978118bf5649b42e75200f170db) Importer(815301076,1909f56bfc062723c751e8b465ee728b)  -> (artifact id: '55c5ca8970c5147e62dc281953656e6f') in 0.036486 seconds 
========================================================================
Received Import Request.
  Time since last request: 0.000029 seconds.
  path: Assets/Resources/Isometric/Tiles/snow/snow_tile_riverSlope_N.png
  artifactKey: Guid(369ef3aa4180cc040a4944fa46c2d0e5) Importer(815301076,1909f56bfc062723c751e8b465ee728b)
Start importing Assets/Resources/Isometric/Tiles/snow/snow_tile_riverSlope_N.png using Guid(369ef3aa4180cc040a4944fa46c2d0e5) Importer(815301076,1909f56bfc062723c751e8b465ee728b)  -> (artifact id: '964140913310fb71d1ae1f49e46786d6') in 0.052738 seconds 
========================================================================
Received Import Request.
  Time since last request: 0.000035 seconds.
  path: Assets/Resources/Isometric/Tiles/snow/snow_tile_cornerSquare_E.png
  artifactKey: Guid(78d6fe3f30c8a4c42a498d56c8ff8904) Importer(815301076,1909f56bfc062723c751e8b465ee728b)
Start importing Assets/Resources/Isometric/Tiles/snow/snow_tile_cornerSquare_E.png using Guid(78d6fe3f30c8a4c42a498d56c8ff8904) Importer(815301076,1909f56bfc062723c751e8b465ee728b)  -> (artifact id: '95a52de1ac0de900a6977dbc284f7465') in 0.047073 seconds 
========================================================================
Received Import Request.
  Time since last request: 0.000017 seconds.
  path: Assets/Resources/Isometric/Tiles/snow/snow_tile_endRoundSpawn_W.png
  artifactKey: Guid(c1d95d9aebbedad47a0c11cf89190813) Importer(815301076,1909f56bfc062723c751e8b465ee728b)
Start importing Assets/Resources/Isometric/Tiles/snow/snow_tile_endRoundSpawn_W.png using Guid(c1d95d9aebbedad47a0c11cf89190813) Importer(815301076,1909f56bfc062723c751e8b465ee728b)  -> (artifact id: '54ec492512a761298d277e4fed32640e') in 0.031998 seconds 
========================================================================
Received Import Request.
  Time since last request: 0.000027 seconds.
  path: Assets/Resources/Isometric/Tiles/snow/snow_tile_cornerOuter_E.png
  artifactKey: Guid(817fcf27f685da64888ed93270af5b81) Importer(815301076,1909f56bfc062723c751e8b465ee728b)
Start importing Assets/Resources/Isometric/Tiles/snow/snow_tile_cornerOuter_E.png using Guid(817fcf27f685da64888ed93270af5b81) Importer(815301076,1909f56bfc062723c751e8b465ee728b)  -> (artifact id: 'd9bc3ecbc64f46fd534b9eab81ecbe5e') in 0.036010 seconds 
========================================================================
Received Import Request.
  Time since last request: 0.000031 seconds.
  path: Assets/Resources/Isometric/Tiles/snow/snow_tile_cornerRound_W.png
  artifactKey: Guid(be529316712826e4d82287554e0f68cb) Importer(815301076,1909f56bfc062723c751e8b465ee728b)
Start importing Assets/Resources/Isometric/Tiles/snow/snow_tile_cornerRound_W.png using Guid(be529316712826e4d82287554e0f68cb) Importer(815301076,1909f56bfc062723c751e8b465ee728b)  -> (artifact id: '5dcd4bbbfcf69e4a4919cefdde8510e1') in 0.053020 seconds 
========================================================================
Received Import Request.
  Time since last request: 0.000022 seconds.
  path: Assets/Resources/Isometric/Tiles/snow/snow_tile_riverBridge_E.png
  artifactKey: Guid(357ce8818aa372e4bba10aa31a0b60e0) Importer(815301076,1909f56bfc062723c751e8b465ee728b)
Start importing Assets/Resources/Isometric/Tiles/snow/snow_tile_riverBridge_E.png using Guid(357ce8818aa372e4bba10aa31a0b60e0) Importer(815301076,1909f56bfc062723c751e8b465ee728b)  -> (artifact id: 'a490890e9e6b9067a10844d7032080db') in 0.050934 seconds 
========================================================================
Received Import Request.
  Time since last request: 0.000031 seconds.
  path: Assets/Resources/Isometric/Tiles/snow/snow_tile_cornerLarge_E.png
  artifactKey: Guid(7904e81db9bc6bb4ca3632da28a3f9c0) Importer(815301076,1909f56bfc062723c751e8b465ee728b)
Start importing Assets/Resources/Isometric/Tiles/snow/snow_tile_cornerLarge_E.png using Guid(7904e81db9bc6bb4ca3632da28a3f9c0) Importer(815301076,1909f56bfc062723c751e8b465ee728b)  -> (artifact id: '45117e7ba8d62401e58c5d92c5152556') in 0.034060 seconds 
========================================================================
Received Import Request.
  Time since last request: 0.000032 seconds.
  path: Assets/Resources/Isometric/Tiles/snow/snow_tile_crystal_N.png
  artifactKey: Guid(8540f1d06c9bff042a61dfafaafc7e44) Importer(815301076,1909f56bfc062723c751e8b465ee728b)
Start importing Assets/Resources/Isometric/Tiles/snow/snow_tile_crystal_N.png using Guid(8540f1d06c9bff042a61dfafaafc7e44) Importer(815301076,1909f56bfc062723c751e8b465ee728b)  -> (artifact id: '7c4ebe14443104a150d1967140de9ced') in 0.040017 seconds 
========================================================================
Received Import Request.
  Time since last request: 0.000027 seconds.
  path: Assets/Resources/Isometric/Tiles/snow/snow_tile_riverFall_W.png
  artifactKey: Guid(b4c121da89087ea42909073252c9ea0a) Importer(815301076,1909f56bfc062723c751e8b465ee728b)
Start importing Assets/Resources/Isometric/Tiles/snow/snow_tile_riverFall_W.png using Guid(b4c121da89087ea42909073252c9ea0a) Importer(815301076,1909f56bfc062723c751e8b465ee728b)  -> (artifact id: '1cd67e390e9f507c3bae550b1d51c30c') in 0.045974 seconds 
========================================================================
Received Import Request.
  Time since last request: 0.000054 seconds.
  path: Assets/Resources/Isometric/Tiles/snow/snow_tile_riverBridge_N.png
  artifactKey: Guid(b4ad30e7c9287b64c82102ad23fd37f9) Importer(815301076,1909f56bfc062723c751e8b465ee728b)
Start importing Assets/Resources/Isometric/Tiles/snow/snow_tile_riverBridge_N.png using Guid(b4ad30e7c9287b64c82102ad23fd37f9) Importer(815301076,1909f56bfc062723c751e8b465ee728b)  -> (artifact id: '8f8bac1179f3e587bbe5fd185cedf462') in 0.036432 seconds 
========================================================================
Received Import Request.
  Time since last request: 0.000025 seconds.
  path: Assets/Resources/Isometric/Tiles/snow/snow_tile_cornerRound_E.png
  artifactKey: Guid(bbee0df4b327a23468f0663c1f4f3499) Importer(815301076,1909f56bfc062723c751e8b465ee728b)
Start importing Assets/Resources/Isometric/Tiles/snow/snow_tile_cornerRound_E.png using Guid(bbee0df4b327a23468f0663c1f4f3499) Importer(815301076,1909f56bfc062723c751e8b465ee728b)  -> (artifact id: 'abd38ca180df50cd4ad76a0cb1be44af') in 0.046587 seconds 
========================================================================
Received Import Request.
  Time since last request: 0.000030 seconds.
  path: Assets/Resources/Isometric/Tiles/snow/snow_tile_riverFall_S.png
  artifactKey: Guid(7f6c26a385bb388458dbeb752d5a33e8) Importer(815301076,1909f56bfc062723c751e8b465ee728b)
Start importing Assets/Resources/Isometric/Tiles/snow/snow_tile_riverFall_S.png using Guid(7f6c26a385bb388458dbeb752d5a33e8) Importer(815301076,1909f56bfc062723c751e8b465ee728b)  -> (artifact id: '9f8de6f87fbbae957de6e376fc47eafe') in 0.047336 seconds 
========================================================================
Received Import Request.
  Time since last request: 0.000038 seconds.
  path: Assets/Resources/Isometric/Tiles/snow/snow_tile_crossing_W.png
  artifactKey: Guid(46ce7caf5ce9e184a8a83be028d48078) Importer(815301076,1909f56bfc062723c751e8b465ee728b)
Start importing Assets/Resources/Isometric/Tiles/snow/snow_tile_crossing_W.png using Guid(46ce7caf5ce9e184a8a83be028d48078) Importer(815301076,1909f56bfc062723c751e8b465ee728b)  -> (artifact id: 'bb68cd07c2dd7fbbccb7bed4dd698e4b') in 0.050476 seconds 
========================================================================
Received Import Request.
  Time since last request: 0.000026 seconds.
  path: Assets/Resources/Isometric/Tiles/snow/snow_tile_riverTransition_W.png
  artifactKey: Guid(a8314271daaca714a9cda97bb3243fdf) Importer(815301076,1909f56bfc062723c751e8b465ee728b)
Start importing Assets/Resources/Isometric/Tiles/snow/snow_tile_riverTransition_W.png using Guid(a8314271daaca714a9cda97bb3243fdf) Importer(815301076,1909f56bfc062723c751e8b465ee728b)  -> (artifact id: '66bd447af22f801fd6ad2be4a08e2a35') in 0.033379 seconds 
========================================================================
Received Import Request.
  Time since last request: 0.000018 seconds.
  path: Assets/Resources/Isometric/Tiles/snow/snow_tile_cornerSquare_W.png
  artifactKey: Guid(9472cb5429229b7458e72707767c31fd) Importer(815301076,1909f56bfc062723c751e8b465ee728b)
Start importing Assets/Resources/Isometric/Tiles/snow/snow_tile_cornerSquare_W.png using Guid(9472cb5429229b7458e72707767c31fd) Importer(815301076,1909f56bfc062723c751e8b465ee728b)  -> (artifact id: 'dc0b55522aed363c1ca6a0caa6d38e2e') in 0.054484 seconds 
========================================================================
Received Import Request.
  Time since last request: 0.000021 seconds.
  path: Assets/Resources/Isometric/Tiles/snow/snow_tile_cornerLarge_W.png
  artifactKey: Guid(f5949038af6bba541a0e23e9c65d4d2b) Importer(815301076,1909f56bfc062723c751e8b465ee728b)
Start importing Assets/Resources/Isometric/Tiles/snow/snow_tile_cornerLarge_W.png using Guid(f5949038af6bba541a0e23e9c65d4d2b) Importer(815301076,1909f56bfc062723c751e8b465ee728b)  -> (artifact id: 'e3fe1a9823a0df3db29e8e1ed32ab1db') in 0.035300 seconds 
========================================================================
Received Import Request.
  Time since last request: 0.000039 seconds.
  path: Assets/Resources/Isometric/Tiles/snow/snow_tile_end_E.png
  artifactKey: Guid(2cdc28d03d5dc064da2e88aaccc27d2c) Importer(815301076,1909f56bfc062723c751e8b465ee728b)
Start importing Assets/Resources/Isometric/Tiles/snow/snow_tile_end_E.png using Guid(2cdc28d03d5dc064da2e88aaccc27d2c) Importer(815301076,1909f56bfc062723c751e8b465ee728b)  -> (artifact id: '8baf7ac2371fc9de3feab6ee89baf2b7') in 0.047696 seconds 
========================================================================
Received Import Request.
  Time since last request: 0.000039 seconds.
  path: Assets/Resources/Isometric/Tiles/snow/snow_tile_cornerInner_W.png
  artifactKey: Guid(4bda57783ca69594f9d426289cefef62) Importer(815301076,1909f56bfc062723c751e8b465ee728b)
Start importing Assets/Resources/Isometric/Tiles/snow/snow_tile_cornerInner_W.png using Guid(4bda57783ca69594f9d426289cefef62) Importer(815301076,1909f56bfc062723c751e8b465ee728b)  -> (artifact id: '74428b18b330088dcbbda4c5601c9cf1') in 0.034544 seconds 
========================================================================
Received Import Request.
  Time since last request: 0.000022 seconds.
  path: Assets/Resources/Isometric/Tiles/snow/snow_tile_cornerInner_E.png
  artifactKey: Guid(65e2943f7fd1ff941b36f73c5b21f7fa) Importer(815301076,1909f56bfc062723c751e8b465ee728b)
Start importing Assets/Resources/Isometric/Tiles/snow/snow_tile_cornerInner_E.png using Guid(65e2943f7fd1ff941b36f73c5b21f7fa) Importer(815301076,1909f56bfc062723c751e8b465ee728b)  -> (artifact id: 'b93dbd7ac48e683542988750fb36987f') in 0.047190 seconds 
========================================================================
Received Import Request.
  Time since last request: 0.000026 seconds.
  path: Assets/Resources/Isometric/Tiles/snow/snow_tile_riverSlopeLarge_N.png
  artifactKey: Guid(d024d3ae1dcec7744b2275316c15d0f7) Importer(815301076,1909f56bfc062723c751e8b465ee728b)
Start importing Assets/Resources/Isometric/Tiles/snow/snow_tile_riverSlopeLarge_N.png using Guid(d024d3ae1dcec7744b2275316c15d0f7) Importer(815301076,1909f56bfc062723c751e8b465ee728b)  -> (artifact id: 'd46b09fd8f1627a027ab79ea81851dda') in 0.035375 seconds 
========================================================================
Received Import Request.
  Time since last request: 0.000020 seconds.
  path: Assets/Resources/Isometric/Tiles/snow/snow_tile_N.png
  artifactKey: Guid(7671b46e8026abc48b6f6faa069a4828) Importer(815301076,1909f56bfc062723c751e8b465ee728b)
Start importing Assets/Resources/Isometric/Tiles/snow/snow_tile_N.png using Guid(7671b46e8026abc48b6f6faa069a4828) Importer(815301076,1909f56bfc062723c751e8b465ee728b)  -> (artifact id: '17d46443d1c923280d82b7a0456df6d8') in 0.046113 seconds 
========================================================================
Received Import Request.
  Time since last request: 4.450606 seconds.
  path: Assets/Resources/Side/detail_dirt.png
  artifactKey: Guid(2c5545f6d9ccfb142814bf83b7250304) Importer(815301076,1909f56bfc062723c751e8b465ee728b)
Start importing Assets/Resources/Side/detail_dirt.png using Guid(2c5545f6d9ccfb142814bf83b7250304) Importer(815301076,1909f56bfc062723c751e8b465ee728b)  -> (artifact id: '086f42a5c75b370523111b665e50357f') in 0.025843 seconds 
========================================================================
Received Import Request.
  Time since last request: 0.000028 seconds.
  path: Assets/Resources/Side/enemy_ufoRed.png
  artifactKey: Guid(826161ad779873540b676bcf704111db) Importer(815301076,1909f56bfc062723c751e8b465ee728b)
Start importing Assets/Resources/Side/enemy_ufoRed.png using Guid(826161ad779873540b676bcf704111db) Importer(815301076,1909f56bfc062723c751e8b465ee728b)  -> (artifact id: 'e91c6f16b876581ea6a946dc0032f33e') in 0.024807 seconds 
========================================================================
Received Import Request.
  Time since last request: 0.000033 seconds.
  path: Assets/Resources/Side/tile_dirt.png
  artifactKey: Guid(090d2092025ce444bb73e2329eb8df47) Importer(815301076,1909f56bfc062723c751e8b465ee728b)
Start importing Assets/Resources/Side/tile_dirt.png using Guid(090d2092025ce444bb73e2329eb8df47) Importer(815301076,1909f56bfc062723c751e8b465ee728b)  -> (artifact id: '8c8ef261f02e9135ff64ba573b5b9f74') in 0.032119 seconds 
========================================================================
Received Import Request.
  Time since last request: 0.000032 seconds.
  path: Assets/Resources/Side/snow_tile_rock.png
  artifactKey: Guid(bf2363563edb64347a72574367238c3a) Importer(815301076,1909f56bfc062723c751e8b465ee728b)
Start importing Assets/Resources/Side/snow_tile_rock.png using Guid(bf2363563edb64347a72574367238c3a) Importer(815301076,1909f56bfc062723c751e8b465ee728b)  -> (artifact id: 'be9d73443e209acc4ad18711304569eb') in 0.030005 seconds 
========================================================================
Received Import Request.
  Time since last request: 0.000036 seconds.
  path: Assets/Resources/Side/snow_tile_spawnRound.png
  artifactKey: Guid(c8eee9a8a23d693478a39bf23d3dd242) Importer(815301076,1909f56bfc062723c751e8b465ee728b)
Start importing Assets/Resources/Side/snow_tile_spawnRound.png using Guid(c8eee9a8a23d693478a39bf23d3dd242) Importer(815301076,1909f56bfc062723c751e8b465ee728b)  -> (artifact id: '7ed2e475cffcd27e928d2dff317f395b') in 0.030249 seconds 
========================================================================
Received Import Request.
  Time since last request: 0.000054 seconds.
  path: Assets/Resources/Side/tile_cornerSquare.png
  artifactKey: Guid(ded7f6ce2d9dc25409f02d5ce66bab91) Importer(815301076,1909f56bfc062723c751e8b465ee728b)
Start importing Assets/Resources/Side/tile_cornerSquare.png using Guid(ded7f6ce2d9dc25409f02d5ce66bab91) Importer(815301076,1909f56bfc062723c751e8b465ee728b)  -> (artifact id: '21c65762f05a670c5e1b2f578327b602') in 0.022080 seconds 
========================================================================
Received Import Request.
  Time since last request: 0.000030 seconds.
  path: Assets/Resources/Side/enemy_ufoPurple.png
  artifactKey: Guid(445b9f084d13c294a82e59972bdf28a3) Importer(815301076,1909f56bfc062723c751e8b465ee728b)
Start importing Assets/Resources/Side/enemy_ufoPurple.png using Guid(445b9f084d13c294a82e59972bdf28a3) Importer(815301076,1909f56bfc062723c751e8b465ee728b)  -> (artifact id: 'b154bf43d71504938dab3bd86c939620') in 0.023653 seconds 
========================================================================
Received Import Request.
  Time since last request: 0.000023 seconds.
  path: Assets/Resources/Side/snow_detail_dirtLarge.png
  artifactKey: Guid(2c16691b2fd6f774f87802ddf8418bba) Importer(815301076,1909f56bfc062723c751e8b465ee728b)
Start importing Assets/Resources/Side/snow_detail_dirtLarge.png using Guid(2c16691b2fd6f774f87802ddf8418bba) Importer(815301076,1909f56bfc062723c751e8b465ee728b)  -> (artifact id: 'c10104cff38751013bd4198fa1cfaed4') in 0.024267 seconds 
========================================================================
Received Import Request.
  Time since last request: 0.000027 seconds.
  path: Assets/Resources/Side/enemy_ufoYellow.png
  artifactKey: Guid(b60e8b8a6d7a57944a5834ddd2c0329a) Importer(815301076,1909f56bfc062723c751e8b465ee728b)
Start importing Assets/Resources/Side/enemy_ufoYellow.png using Guid(b60e8b8a6d7a57944a5834ddd2c0329a) Importer(815301076,1909f56bfc062723c751e8b465ee728b)  -> (artifact id: 'd4f38b2d43739cdb5b781ffc56e181ba') in 0.029499 seconds 
========================================================================
Received Import Request.
  Time since last request: 0.000029 seconds.
  path: Assets/Resources/Side/detail_treeLarge.png
  artifactKey: Guid(73e01ecf4bbf29e4583c119b2f466930) Importer(815301076,1909f56bfc062723c751e8b465ee728b)
Start importing Assets/Resources/Side/detail_treeLarge.png using Guid(73e01ecf4bbf29e4583c119b2f466930) Importer(815301076,1909f56bfc062723c751e8b465ee728b)  -> (artifact id: '1d8f35422af633d01b7b343eed840436') in 0.031250 seconds 
========================================================================
Received Import Request.
  Time since last request: 0.000025 seconds.
  path: Assets/Resources/Side/tile_riverBridge.png
  artifactKey: Guid(f8414ed30e21fa245a2239a8c42ebd6d) Importer(815301076,1909f56bfc062723c751e8b465ee728b)
Start importing Assets/Resources/Side/tile_riverBridge.png using Guid(f8414ed30e21fa245a2239a8c42ebd6d) Importer(815301076,1909f56bfc062723c751e8b465ee728b)  -> (artifact id: 'dc41b2d338aacdab289cc5518f9fc4e8') in 0.026880 seconds 
========================================================================
Received Import Request.
  Time since last request: 0.000026 seconds.
  path: Assets/Resources/Side/snow_tile_cornerLarge.png
  artifactKey: Guid(8b87b7fabbfecf547b09a4aa447d9e23) Importer(815301076,1909f56bfc062723c751e8b465ee728b)
Start importing Assets/Resources/Side/snow_tile_cornerLarge.png using Guid(8b87b7fabbfecf547b09a4aa447d9e23) Importer(815301076,1909f56bfc062723c751e8b465ee728b)  -> (artifact id: 'ceaf9998bd7dca4770a2b42b1aff33e7') in 0.024644 seconds 
========================================================================
Received Import Request.
  Time since last request: 0.000046 seconds.
  path: Assets/Resources/Side/snow_tile_endRound.png
  artifactKey: Guid(1f78d7199c1a67949b9c2c0a069b48bb) Importer(815301076,1909f56bfc062723c751e8b465ee728b)
Start importing Assets/Resources/Side/snow_tile_endRound.png using Guid(1f78d7199c1a67949b9c2c0a069b48bb) Importer(815301076,1909f56bfc062723c751e8b465ee728b)  -> (artifact id: 'b22fdf3f6cf5f14b91ddbad9c1338302') in 0.023989 seconds 
========================================================================
Received Import Request.
  Time since last request: 0.000047 seconds.
  path: Assets/Resources/Side/tile_riverCorner.png
  artifactKey: Guid(9003cd9836f769c45940971a818fb442) Importer(815301076,1909f56bfc062723c751e8b465ee728b)
Start importing Assets/Resources/Side/tile_riverCorner.png using Guid(9003cd9836f769c45940971a818fb442) Importer(815301076,1909f56bfc062723c751e8b465ee728b)  -> (artifact id: '991cea4442fa3d93249abcb228926c91') in 0.022727 seconds 
========================================================================
Received Import Request.
  Time since last request: 0.000029 seconds.
  path: Assets/Resources/Side/detail_dirtLarge.png
  artifactKey: Guid(cce5191d55a0be648a902bc40c479c49) Importer(815301076,1909f56bfc062723c751e8b465ee728b)
Start importing Assets/Resources/Side/detail_dirtLarge.png using Guid(cce5191d55a0be648a902bc40c479c49) Importer(815301076,1909f56bfc062723c751e8b465ee728b)  -> (artifact id: '15c3cc86b6a56b496dd00f17d9e31ab6') in 0.024048 seconds 
========================================================================
Received Import Request.
  Time since last request: 0.000029 seconds.
  path: Assets/Resources/Side/enemy_ufoGreenWeapon.png
  artifactKey: Guid(2e835060fbc822c44b07caf6d6a7a6b0) Importer(815301076,1909f56bfc062723c751e8b465ee728b)
Start importing Assets/Resources/Side/enemy_ufoGreenWeapon.png using Guid(2e835060fbc822c44b07caf6d6a7a6b0) Importer(815301076,1909f56bfc062723c751e8b465ee728b)  -> (artifact id: '0ecf2097449e67e55cba9b68c739bdfe') in 0.025677 seconds 
========================================================================
Received Import Request.
  Time since last request: 0.000026 seconds.
  path: Assets/Resources/Side/snow_detail_treeLarge.png
  artifactKey: Guid(2ada69ddc5e3d584eb8c0bd39ac432b4) Importer(815301076,1909f56bfc062723c751e8b465ee728b)
Start importing Assets/Resources/Side/snow_detail_treeLarge.png using Guid(2ada69ddc5e3d584eb8c0bd39ac432b4) Importer(815301076,1909f56bfc062723c751e8b465ee728b)  -> (artifact id: '45dc31536a0f1e9c328f7b8e5807e9bb') in 0.025435 seconds 
========================================================================
Received Import Request.
  Time since last request: 0.000030 seconds.
  path: Assets/Resources/Side/snow_tile_split.png
  artifactKey: Guid(bd4a7821de8f56947a0fe3eff9d830da) Importer(815301076,1909f56bfc062723c751e8b465ee728b)
Start importing Assets/Resources/Side/snow_tile_split.png using Guid(bd4a7821de8f56947a0fe3eff9d830da) Importer(815301076,1909f56bfc062723c751e8b465ee728b)  -> (artifact id: 'ba7d9b51b8b3d4560e15472ff2163df7') in 0.023643 seconds 
========================================================================
Received Import Request.
  Time since last request: 0.000033 seconds.
  path: Assets/Resources/Side/snow_tile_straight.png
  artifactKey: Guid(772cfe2881b5e2647821b4769435f4e2) Importer(815301076,1909f56bfc062723c751e8b465ee728b)
Start importing Assets/Resources/Side/snow_tile_straight.png using Guid(772cfe2881b5e2647821b4769435f4e2) Importer(815301076,1909f56bfc062723c751e8b465ee728b)  -> (artifact id: '5429a1dadb7494d833bbec570b6ef895') in 0.022046 seconds 
========================================================================
Received Import Request.
  Time since last request: 0.000038 seconds.
  path: Assets/Resources/Side/snow_woodStructure_high.png
  artifactKey: Guid(7c1e030b864e3264292a7f19fe83e4c1) Importer(815301076,1909f56bfc062723c751e8b465ee728b)
Start importing Assets/Resources/Side/snow_woodStructure_high.png using Guid(7c1e030b864e3264292a7f19fe83e4c1) Importer(815301076,1909f56bfc062723c751e8b465ee728b)  -> (artifact id: '00f245c0652a4592230b0b8f17286ccb') in 0.025448 seconds 
========================================================================
Received Import Request.
  Time since last request: 0.000034 seconds.
  path: Assets/Resources/Side/snow_tile_treeDouble.png
  artifactKey: Guid(df73cc5054e64f949b2315212643618e) Importer(815301076,1909f56bfc062723c751e8b465ee728b)
Start importing Assets/Resources/Side/snow_tile_treeDouble.png using Guid(df73cc5054e64f949b2315212643618e) Importer(815301076,1909f56bfc062723c751e8b465ee728b)  -> (artifact id: '7edbde6985d1a8e0ad07e1168b49a2e3') in 0.024349 seconds 
========================================================================
Received Import Request.
  Time since last request: 0.000028 seconds.
  path: Assets/Resources/Side/tile_riverFall.png
  artifactKey: Guid(7cd618f98b632494992b00565f767213) Importer(815301076,1909f56bfc062723c751e8b465ee728b)
Start importing Assets/Resources/Side/tile_riverFall.png using Guid(7cd618f98b632494992b00565f767213) Importer(815301076,1909f56bfc062723c751e8b465ee728b)  -> (artifact id: 'db4e989966cbc7616141ef673a25bf41') in 0.022713 seconds 
========================================================================
Received Import Request.
  Time since last request: 0.000024 seconds.
  path: Assets/Resources/Side/tile_hill.png
  artifactKey: Guid(069aeda406537204c98604525e517394) Importer(815301076,1909f56bfc062723c751e8b465ee728b)
Start importing Assets/Resources/Side/tile_hill.png using Guid(069aeda406537204c98604525e517394) Importer(815301076,1909f56bfc062723c751e8b465ee728b)  -> (artifact id: '310bc1c5ef0e6ae562030e2c1b7c5419') in 0.027432 seconds 
========================================================================
Received Import Request.
  Time since last request: 0.000029 seconds.
  path: Assets/Resources/Side/tile_cornerInner.png
  artifactKey: Guid(9b29e5ef22dab3544b3ffb83ac261b20) Importer(815301076,1909f56bfc062723c751e8b465ee728b)
Start importing Assets/Resources/Side/tile_cornerInner.png using Guid(9b29e5ef22dab3544b3ffb83ac261b20) Importer(815301076,1909f56bfc062723c751e8b465ee728b)  -> (artifact id: 'efd3ea4028560551388acfed2676a611') in 0.024229 seconds 
========================================================================
Received Import Request.
  Time since last request: 0.000032 seconds.
  path: Assets/Resources/Side/detail_tree.png
  artifactKey: Guid(c685a998820a3074cb2d5042950ffc84) Importer(815301076,1909f56bfc062723c751e8b465ee728b)
Start importing Assets/Resources/Side/detail_tree.png using Guid(c685a998820a3074cb2d5042950ffc84) Importer(815301076,1909f56bfc062723c751e8b465ee728b)  -> (artifact id: 'a42fe5dbee8302dab32a6a1c648b7751') in 0.022912 seconds 
========================================================================
Received Import Request.
  Time since last request: 0.000025 seconds.
  path: Assets/Resources/Side/enemy_ufoRedWeapon.png
  artifactKey: Guid(6448df8625ba0e644ae6448ab7779964) Importer(815301076,1909f56bfc062723c751e8b465ee728b)
Start importing Assets/Resources/Side/enemy_ufoRedWeapon.png using Guid(6448df8625ba0e644ae6448ab7779964) Importer(815301076,1909f56bfc062723c751e8b465ee728b)  -> (artifact id: 'e84f165e8dfda1b8305c55aa4e221dc8') in 0.025191 seconds 
========================================================================
Received Import Request.
  Time since last request: 0.000028 seconds.
  path: Assets/Resources/Side/snow_tile_riverStraight.png
  artifactKey: Guid(59fe6be85e82bc0479718495d5f8c9b8) Importer(815301076,1909f56bfc062723c751e8b465ee728b)
Start importing Assets/Resources/Side/snow_tile_riverStraight.png using Guid(59fe6be85e82bc0479718495d5f8c9b8) Importer(815301076,1909f56bfc062723c751e8b465ee728b)  -> (artifact id: 'f64ef311592d0733d14e3d6743f883d2') in 0.024738 seconds 
========================================================================
Received Import Request.
  Time since last request: 0.000048 seconds.
  path: Assets/Resources/Side/snow_tile_tree.png
  artifactKey: Guid(de42a750e427a9f43b28d80759d1527b) Importer(815301076,1909f56bfc062723c751e8b465ee728b)
Start importing Assets/Resources/Side/snow_tile_tree.png using Guid(de42a750e427a9f43b28d80759d1527b) Importer(815301076,1909f56bfc062723c751e8b465ee728b)  -> (artifact id: '97c59e4312bfc61a7bf23c58c2d42ca2') in 0.024010 seconds 
========================================================================
Received Import Request.
  Time since last request: 13.306665 seconds.
  path: Assets/Resources/Isometric/Tower/towerRound_base_S.png
  artifactKey: Guid(d37ba5974ac71ed42b4bd975e2e59789) Importer(815301076,1909f56bfc062723c751e8b465ee728b)
Start importing Assets/Resources/Isometric/Tower/towerRound_base_S.png using Guid(d37ba5974ac71ed42b4bd975e2e59789) Importer(815301076,1909f56bfc062723c751e8b465ee728b)  -> (artifact id: 'c996d19cfd17650416307619708d17ea') in 0.036618 seconds 
========================================================================
Received Import Request.
  Time since last request: 0.000025 seconds.
  path: Assets/Resources/Isometric/Tower/towerRound_topB_N.png
  artifactKey: Guid(05fa88a5014f4cf4b8bb4025f0d64336) Importer(815301076,1909f56bfc062723c751e8b465ee728b)
Start importing Assets/Resources/Isometric/Tower/towerRound_topB_N.png using Guid(05fa88a5014f4cf4b8bb4025f0d64336) Importer(815301076,1909f56bfc062723c751e8b465ee728b)  -> (artifact id: 'dde302e0386e9828e04669b619e46777') in 0.043353 seconds 
========================================================================
Received Import Request.
  Time since last request: 0.000021 seconds.
  path: Assets/Resources/Isometric/Tower/towerRound_sampleC_W.png
  artifactKey: Guid(ff0c6b8f89983d544a73c034b0d73668) Importer(815301076,1909f56bfc062723c751e8b465ee728b)
Start importing Assets/Resources/Isometric/Tower/towerRound_sampleC_W.png using Guid(ff0c6b8f89983d544a73c034b0d73668) Importer(815301076,1909f56bfc062723c751e8b465ee728b)  -> (artifact id: '8e218988dcfd6ba7d5f7aba39c4be78f') in 0.035213 seconds 
========================================================================
Received Import Request.
  Time since last request: 0.000046 seconds.
  path: Assets/Resources/Isometric/Tower/towerRound_roofB_N.png
  artifactKey: Guid(20fd265cc454fe441939655569bb5df3) Importer(815301076,1909f56bfc062723c751e8b465ee728b)
Start importing Assets/Resources/Isometric/Tower/towerRound_roofB_N.png using Guid(20fd265cc454fe441939655569bb5df3) Importer(815301076,1909f56bfc062723c751e8b465ee728b)  -> (artifact id: '5b8758810e824ecd992a97526978372e') in 0.034130 seconds 
========================================================================
Received Import Request.
  Time since last request: 0.000028 seconds.
  path: Assets/Resources/Isometric/Tower/towerRound_bottomC_S.png
  artifactKey: Guid(c2e642f0008991a45b3647b1bc881a28) Importer(815301076,1909f56bfc062723c751e8b465ee728b)
Start importing Assets/Resources/Isometric/Tower/towerRound_bottomC_S.png using Guid(c2e642f0008991a45b3647b1bc881a28) Importer(815301076,1909f56bfc062723c751e8b465ee728b)  -> (artifact id: '961bda29368f93080268f829d600da4b') in 0.047832 seconds 
========================================================================
Received Import Request.
  Time since last request: 0.000020 seconds.
  path: Assets/Resources/Isometric/Tower/towerRound_sampleE_N.png
  artifactKey: Guid(a272d80ac017077459bc39d81868aad6) Importer(815301076,1909f56bfc062723c751e8b465ee728b)
Start importing Assets/Resources/Isometric/Tower/towerRound_sampleE_N.png using Guid(a272d80ac017077459bc39d81868aad6) Importer(815301076,1909f56bfc062723c751e8b465ee728b)  -> (artifact id: '970a6e84b4985e4a5b12ded7ad911ff7') in 0.034628 seconds 
========================================================================
Received Import Request.
  Time since last request: 0.000047 seconds.
  path: Assets/Resources/Isometric/Tower/towerRound_roofC_E.png
  artifactKey: Guid(318d37eee747401418b9cec258a0ebc3) Importer(815301076,1909f56bfc062723c751e8b465ee728b)
Start importing Assets/Resources/Isometric/Tower/towerRound_roofC_E.png using Guid(318d37eee747401418b9cec258a0ebc3) Importer(815301076,1909f56bfc062723c751e8b465ee728b)  -> (artifact id: '4ceea7cc40e031824fd90105be31affe') in 0.046431 seconds 
========================================================================
Received Import Request.
  Time since last request: 0.000021 seconds.
  path: Assets/Resources/Isometric/Tower/towerRound_middleB_E.png
  artifactKey: Guid(ac330a1bc6d999e40964a38ae46ed89a) Importer(815301076,1909f56bfc062723c751e8b465ee728b)
Start importing Assets/Resources/Isometric/Tower/towerRound_middleB_E.png using Guid(ac330a1bc6d999e40964a38ae46ed89a) Importer(815301076,1909f56bfc062723c751e8b465ee728b)  -> (artifact id: '8009632da159d22137ffb5b866263043') in 0.035921 seconds 
========================================================================
Received Import Request.
  Time since last request: 0.000026 seconds.
  path: Assets/Resources/Isometric/Tower/towerRound_topC_E.png
  artifactKey: Guid(c070550748ebb8b4aa33118623c4bc00) Importer(815301076,1909f56bfc062723c751e8b465ee728b)
Start importing Assets/Resources/Isometric/Tower/towerRound_topC_E.png using Guid(c070550748ebb8b4aa33118623c4bc00) Importer(815301076,1909f56bfc062723c751e8b465ee728b)  -> (artifact id: '3b6a2e8e1f19862efe76ef1a8c417978') in 0.037712 seconds 
========================================================================
Received Import Request.
  Time since last request: 0.000031 seconds.
  path: Assets/Resources/Isometric/Tower/towerRound_base_W.png
  artifactKey: Guid(c7fd9728ec8d45644858397b68a616f2) Importer(815301076,1909f56bfc062723c751e8b465ee728b)
Start importing Assets/Resources/Isometric/Tower/towerRound_base_W.png using Guid(c7fd9728ec8d45644858397b68a616f2) Importer(815301076,1909f56bfc062723c751e8b465ee728b)  -> (artifact id: 'fdd17ce7ed46ba755eaa3f054f8291b7') in 0.035584 seconds 
========================================================================
Received Import Request.
  Time since last request: 0.000019 seconds.
  path: Assets/Resources/Isometric/Tower/towerRound_crystals_W.png
  artifactKey: Guid(438c7a6d321e6594591080330905f370) Importer(815301076,1909f56bfc062723c751e8b465ee728b)
Start importing Assets/Resources/Isometric/Tower/towerRound_crystals_W.png using Guid(438c7a6d321e6594591080330905f370) Importer(815301076,1909f56bfc062723c751e8b465ee728b)  -> (artifact id: 'ab76de6461f1da365b5f363bb8ab413b') in 0.035876 seconds 
========================================================================
Received Import Request.
  Time since last request: 0.000022 seconds.
  path: Assets/Resources/Isometric/Tower/towerRound_middleC_W.png
  artifactKey: Guid(013a5f56ad4ebdd498ab244e8b613bfc) Importer(815301076,1909f56bfc062723c751e8b465ee728b)
Start importing Assets/Resources/Isometric/Tower/towerRound_middleC_W.png using Guid(013a5f56ad4ebdd498ab244e8b613bfc) Importer(815301076,1909f56bfc062723c751e8b465ee728b)  -> (artifact id: '752b4132c73a7013974f1b71ed19aab9') in 0.043990 seconds 
========================================================================
Received Import Request.
  Time since last request: 0.000018 seconds.
  path: Assets/Resources/Isometric/Tower/towerRound_middleB_N.png
  artifactKey: Guid(cfe1a94c99ba7fc4d9d845918f81182a) Importer(815301076,1909f56bfc062723c751e8b465ee728b)
Start importing Assets/Resources/Isometric/Tower/towerRound_middleB_N.png using Guid(cfe1a94c99ba7fc4d9d845918f81182a) Importer(815301076,1909f56bfc062723c751e8b465ee728b)  -> (artifact id: '8eb11fe7ccb46e19a23ea2303e25519b') in 0.031227 seconds 
========================================================================
Received Import Request.
  Time since last request: 0.000031 seconds.
  path: Assets/Resources/Isometric/Tower/towerRound_sampleE_E.png
  artifactKey: Guid(673b4ab4702d46747a1ee22641da9926) Importer(815301076,1909f56bfc062723c751e8b465ee728b)
Start importing Assets/Resources/Isometric/Tower/towerRound_sampleE_E.png using Guid(673b4ab4702d46747a1ee22641da9926) Importer(815301076,1909f56bfc062723c751e8b465ee728b)  -> (artifact id: 'fb80b2556dca1ae9355370284a3c5eef') in 0.033942 seconds 
========================================================================
Received Import Request.
  Time since last request: 0.000023 seconds.
  path: Assets/Resources/Isometric/Tower/towerRound_sampleF_E.png
  artifactKey: Guid(e6dbbd5f7642ba443bcdaacd9be10b9f) Importer(815301076,1909f56bfc062723c751e8b465ee728b)
Start importing Assets/Resources/Isometric/Tower/towerRound_sampleF_E.png using Guid(e6dbbd5f7642ba443bcdaacd9be10b9f) Importer(815301076,1909f56bfc062723c751e8b465ee728b)  -> (artifact id: '34a9467ea74926c397c69b7fd70218d1') in 0.035977 seconds 
========================================================================
Received Import Request.
  Time since last request: 0.000046 seconds.
  path: Assets/Resources/Isometric/Tower/towerRound_sampleA_E.png
  artifactKey: Guid(4462ebe24f42f9a4f8c02a2bf09f96aa) Importer(815301076,1909f56bfc062723c751e8b465ee728b)
Start importing Assets/Resources/Isometric/Tower/towerRound_sampleA_E.png using Guid(4462ebe24f42f9a4f8c02a2bf09f96aa) Importer(815301076,1909f56bfc062723c751e8b465ee728b)  -> (artifact id: 'a4f4bcdd688828d21610a6a873a8a52b') in 0.035248 seconds 
========================================================================
Received Import Request.
  Time since last request: 0.000032 seconds.
  path: Assets/Resources/Isometric/Tower/towerRound_roofB_E.png
  artifactKey: Guid(9f003294004da7143bf73847de4b5526) Importer(815301076,1909f56bfc062723c751e8b465ee728b)
Start importing Assets/Resources/Isometric/Tower/towerRound_roofB_E.png using Guid(9f003294004da7143bf73847de4b5526) Importer(815301076,1909f56bfc062723c751e8b465ee728b)  -> (artifact id: 'b8833f850eaec85451741b3747092500') in 0.032322 seconds 
========================================================================
Received Import Request.
  Time since last request: 0.000034 seconds.
  path: Assets/Resources/Isometric/Tower/towerRound_roofA_W.png
  artifactKey: Guid(0721a10ca75885b45b34d42cb19dad02) Importer(815301076,1909f56bfc062723c751e8b465ee728b)
Start importing Assets/Resources/Isometric/Tower/towerRound_roofA_W.png using Guid(0721a10ca75885b45b34d42cb19dad02) Importer(815301076,1909f56bfc062723c751e8b465ee728b)  -> (artifact id: '956674d610de9b0f894e3295650bb86b') in 0.031110 seconds 
========================================================================
Received Import Request.
  Time since last request: 0.000020 seconds.
  path: Assets/Resources/Isometric/Tower/towerRound_bottomB_S.png
  artifactKey: Guid(182ef7e45df5cfb4b89af9af7ffe847c) Importer(815301076,1909f56bfc062723c751e8b465ee728b)
Start importing Assets/Resources/Isometric/Tower/towerRound_bottomB_S.png using Guid(182ef7e45df5cfb4b89af9af7ffe847c) Importer(815301076,1909f56bfc062723c751e8b465ee728b)  -> (artifact id: '2c3e005a5c7f15f18bc31d6724f8ca6e') in 0.035078 seconds 
========================================================================
Received Import Request.
  Time since last request: 0.000025 seconds.
  path: Assets/Resources/Isometric/Tower/towerRound_bottomB_W.png
  artifactKey: Guid(7c472b693daa5064396843190b9c4d5c) Importer(815301076,1909f56bfc062723c751e8b465ee728b)
Start importing Assets/Resources/Isometric/Tower/towerRound_bottomB_W.png using Guid(7c472b693daa5064396843190b9c4d5c) Importer(815301076,1909f56bfc062723c751e8b465ee728b)  -> (artifact id: '1ff2d4deb6aed51431cedbdb9c4cf95d') in 0.034021 seconds 
========================================================================
Received Import Request.
  Time since last request: 0.000023 seconds.
  path: Assets/Resources/Isometric/Tower/towerRound_sampleB_N.png
  artifactKey: Guid(9040a588ece294140afdadcd00e15abd) Importer(815301076,1909f56bfc062723c751e8b465ee728b)
Start importing Assets/Resources/Isometric/Tower/towerRound_sampleB_N.png using Guid(9040a588ece294140afdadcd00e15abd) Importer(815301076,1909f56bfc062723c751e8b465ee728b)  -> (artifact id: '430955d1a3006a558a4fec33ca61c353') in 0.032762 seconds 
========================================================================
Received Import Request.
  Time since last request: 0.000025 seconds.
  path: Assets/Resources/Isometric/Tower/towerRound_crystals_N.png
  artifactKey: Guid(a630ecd1e5e5fc145bea6d3ca17f5ee5) Importer(815301076,1909f56bfc062723c751e8b465ee728b)
Start importing Assets/Resources/Isometric/Tower/towerRound_crystals_N.png using Guid(a630ecd1e5e5fc145bea6d3ca17f5ee5) Importer(815301076,1909f56bfc062723c751e8b465ee728b)  -> (artifact id: 'f86badba0da8c0727f273b2cac438237') in 0.035574 seconds 
========================================================================
Received Import Request.
  Time since last request: 0.000019 seconds.
  path: Assets/Resources/Isometric/Tower/towerRound_crystals_E.png
  artifactKey: Guid(9bd87a353775e1c499a1fab25b75a53b) Importer(815301076,1909f56bfc062723c751e8b465ee728b)
Start importing Assets/Resources/Isometric/Tower/towerRound_crystals_E.png using Guid(9bd87a353775e1c499a1fab25b75a53b) Importer(815301076,1909f56bfc062723c751e8b465ee728b)  -> (artifact id: '281608bac3c99291b969dbd2bf14d3b3') in 0.039271 seconds 
========================================================================
Received Import Request.
  Time since last request: 0.000017 seconds.
  path: Assets/Resources/Isometric/Tower/towerRound_middleA_W.png
  artifactKey: Guid(95e6e4094a73f044bbf3532993279570) Importer(815301076,1909f56bfc062723c751e8b465ee728b)
Start importing Assets/Resources/Isometric/Tower/towerRound_middleA_W.png using Guid(95e6e4094a73f044bbf3532993279570) Importer(815301076,1909f56bfc062723c751e8b465ee728b)  -> (artifact id: 'daffe86645c65e6eb698e7bdc559cd3c') in 0.048094 seconds 
========================================================================
Received Import Request.
  Time since last request: 0.000024 seconds.
  path: Assets/Resources/Isometric/Tower/towerRound_topB_S.png
  artifactKey: Guid(56f5ecd558af94c41bdee867523346dc) Importer(815301076,1909f56bfc062723c751e8b465ee728b)
Start importing Assets/Resources/Isometric/Tower/towerRound_topB_S.png using Guid(56f5ecd558af94c41bdee867523346dc) Importer(815301076,1909f56bfc062723c751e8b465ee728b)  -> (artifact id: 'b7c646a77e6e13bddaf561bc0e5c2525') in 0.033546 seconds 
========================================================================
Received Import Request.
  Time since last request: 0.000024 seconds.
  path: Assets/Resources/Isometric/Tower/towerRound_middleB_S.png
  artifactKey: Guid(a554514f67f2fbd49a9c06de0d84742c) Importer(815301076,1909f56bfc062723c751e8b465ee728b)
Start importing Assets/Resources/Isometric/Tower/towerRound_middleB_S.png using Guid(a554514f67f2fbd49a9c06de0d84742c) Importer(815301076,1909f56bfc062723c751e8b465ee728b)  -> (artifact id: 'e957210004ea93ae9193cc98afed9134') in 0.033550 seconds 
========================================================================
Received Import Request.
  Time since last request: 0.000028 seconds.
  path: Assets/Resources/Isometric/Tower/towerRound_sampleD_S.png
  artifactKey: Guid(adc85e406538bf7478f7e3041c0ea36d) Importer(815301076,1909f56bfc062723c751e8b465ee728b)
Start importing Assets/Resources/Isometric/Tower/towerRound_sampleD_S.png using Guid(adc85e406538bf7478f7e3041c0ea36d) Importer(815301076,1909f56bfc062723c751e8b465ee728b)  -> (artifact id: '89d62eb54f4668c9324ca5c29540df3f') in 0.035545 seconds 
Editor requested this worker to shutdown with reason: Scaling down because of idle timeout
AssetImportWorker is now disconnected from the server
Process exiting
Exiting without the bug reporter. Application will terminate with return code 0