Using pre-set license
Built from '2021.3/staging' branch; Version is '2021.3.19f1 (c9714fde33b6) revision 13201743'; Using compiler version '192829333'; Build Type 'Release'
OS: 'Windows 10  (10.0.19044) 64bit Professional' Language: 'en' Physical Memory: 32557 MB
BatchMode: 1, IsHumanControllingUs: 0, StartBugReporterOnCrash: 0, Is64bit: 1, IsPro: 1

COMMAND LINE ARGUMENTS:
C:\Program Files\Unity\Hub\Editor\2021.3.19f1\Editor\Unity.exe
-adb2
-batchMode
-noUpm
-name
AssetImportWorker0
-projectPath
C:/Users/yoann/OneDrive - SUPINFO/YEAR2/2PROJ - Unity/2PROJ Tower Defense
-logFile
Logs/AssetImportWorker0.log
-srvPort
49562
Successfully changed project path to: C:/Users/yoann/OneDrive - SUPINFO/YEAR2/2PROJ - Unity/2PROJ Tower Defense
C:/Users/yoann/OneDrive - SUPINFO/YEAR2/2PROJ - Unity/2PROJ Tower Defense
[UnityMemory] Configuration Parameters - Can be set up in boot.config
    "memorysetup-bucket-allocator-granularity=16"
    "memorysetup-bucket-allocator-bucket-count=8"
    "memorysetup-bucket-allocator-block-size=33554432"
    "memorysetup-bucket-allocator-block-count=8"
    "memorysetup-main-allocator-block-size=16777216"
    "memorysetup-thread-allocator-block-size=16777216"
    "memorysetup-gfx-main-allocator-block-size=16777216"
    "memorysetup-gfx-thread-allocator-block-size=16777216"
    "memorysetup-cache-allocator-block-size=4194304"
    "memorysetup-typetree-allocator-block-size=2097152"
    "memorysetup-profiler-bucket-allocator-granularity=16"
    "memorysetup-profiler-bucket-allocator-bucket-count=8"
    "memorysetup-profiler-bucket-allocator-block-size=33554432"
    "memorysetup-profiler-bucket-allocator-block-count=8"
    "memorysetup-profiler-allocator-block-size=16777216"
    "memorysetup-profiler-editor-allocator-block-size=1048576"
    "memorysetup-temp-allocator-size-main=16777216"
    "memorysetup-job-temp-allocator-block-size=2097152"
    "memorysetup-job-temp-allocator-block-size-background=1048576"
    "memorysetup-job-temp-allocator-reduction-small-platforms=262144"
    "memorysetup-temp-allocator-size-background-worker=32768"
    "memorysetup-temp-allocator-size-job-worker=262144"
    "memorysetup-temp-allocator-size-preload-manager=33554432"
    "memorysetup-temp-allocator-size-nav-mesh-worker=65536"
    "memorysetup-temp-allocator-size-audio-worker=65536"
    "memorysetup-temp-allocator-size-cloud-worker=32768"
    "memorysetup-temp-allocator-size-gi-baking-worker=262144"
    "memorysetup-temp-allocator-size-gfx=262144"
Player connection [5640] Host "[IP] 192.168.249.1 [Port] 0 [Flags] 2 [Guid] 3119522717 [EditorId] 3119522717 [Version] 1048832 [Id] WindowsEditor(7,MSI) [Debug] 1 [PackageName] WindowsEditor [ProjectName] Editor" joined multi-casting on [225.0.0.222:54997]...

Player connection [5640] Host "[IP] 192.168.249.1 [Port] 0 [Flags] 2 [Guid] 3119522717 [EditorId] 3119522717 [Version] 1048832 [Id] WindowsEditor(7,MSI) [Debug] 1 [PackageName] WindowsEditor [ProjectName] Editor" joined alternative multi-casting on [225.0.0.222:34997]...

Refreshing native plugins compatible for Editor in 93.74 ms, found 4 plugins.
Preloading 0 native plugins for Editor in 0.00 ms.
Initialize engine version: 2021.3.19f1 (c9714fde33b6)
[Subsystems] Discovering subsystems at path C:/Program Files/Unity/Hub/Editor/2021.3.19f1/Editor/Data/Resources/UnitySubsystems
[Subsystems] Discovering subsystems at path C:/Users/yoann/OneDrive - SUPINFO/YEAR2/2PROJ - Unity/2PROJ Tower Defense/Assets
GfxDevice: creating device client; threaded=0; jobified=0
Direct3D:
    Version:  Direct3D 11.0 [level 11.1]
    Renderer: NVIDIA Quadro T1000 (ID=0x1fb9)
    Vendor:   NVIDIA
    VRAM:     3962 MB
    Driver:   26.21.14.4294
Initialize mono
Mono path[0] = 'C:/Program Files/Unity/Hub/Editor/2021.3.19f1/Editor/Data/Managed'
Mono path[1] = 'C:/Program Files/Unity/Hub/Editor/2021.3.19f1/Editor/Data/MonoBleedingEdge/lib/mono/unityjit-win32'
Mono config path = 'C:/Program Files/Unity/Hub/Editor/2021.3.19f1/Editor/Data/MonoBleedingEdge/etc'
Using monoOptions --debugger-agent=transport=dt_socket,embedding=1,server=y,suspend=n,address=127.0.0.1:56204
Begin MonoManager ReloadAssembly
Registering precompiled unity dll's ...
Register platform support module: C:/Program Files/Unity/Hub/Editor/2021.3.19f1/Editor/Data/PlaybackEngines/WebGLSupport/UnityEditor.WebGL.Extensions.dll
Register platform support module: C:/Program Files/Unity/Hub/Editor/2021.3.19f1/Editor/Data/PlaybackEngines/WindowsStandaloneSupport/UnityEditor.WindowsStandalone.Extensions.dll
Registered in 0.008385 seconds.
Native extension for WindowsStandalone target not found
Native extension for WebGL target not found
Refreshing native plugins compatible for Editor in 98.11 ms, found 4 plugins.
Preloading 0 native plugins for Editor in 0.00 ms.
Mono: successfully reloaded assembly
- Completed reload, in  0.672 seconds
Domain Reload Profiling:
	ReloadAssembly (673ms)
		BeginReloadAssembly (75ms)
			ExecutionOrderSort (0ms)
			DisableScriptedObjects (0ms)
			BackupInstance (0ms)
			ReleaseScriptingObjects (0ms)
			CreateAndSetChildDomain (1ms)
		EndReloadAssembly (490ms)
			LoadAssemblies (73ms)
			RebuildTransferFunctionScriptingTraits (0ms)
			SetupTypeCache (117ms)
			ReleaseScriptCaches (0ms)
			RebuildScriptCaches (30ms)
			SetupLoadedEditorAssemblies (292ms)
				LogAssemblyErrors (0ms)
				InitializePlatformSupportModulesInManaged (9ms)
				SetLoadedEditorAssemblies (0ms)
				RefreshPlugins (98ms)
				BeforeProcessingInitializeOnLoad (1ms)
				ProcessInitializeOnLoadAttributes (141ms)
				ProcessInitializeOnLoadMethodAttributes (43ms)
				AfterProcessingInitializeOnLoad (0ms)
				EditorAssembliesLoaded (0ms)
			ExecutionOrderSort2 (0ms)
			AwakeInstancesAfterBackupRestoration (0ms)
Platform modules already initialized, skipping
Registering precompiled user dll's ...
Registered in 0.007153 seconds.
Begin MonoManager ReloadAssembly
Symbol file LoadedFromMemory doesn't match image C:\Users\yoann\OneDrive - SUPINFO\YEAR2\2PROJ - Unity\2PROJ Tower Defense\Library\PackageCache\com.unity.visualscripting@1.8.0\Editor\VisualScripting.Core\Dependencies\YamlDotNet\Unity.VisualScripting.YamlDotNet.dll
Symbol file LoadedFromMemory doesn't match image C:\Users\yoann\OneDrive - SUPINFO\YEAR2\2PROJ - Unity\2PROJ Tower Defense\Library\PackageCache\com.unity.visualscripting@1.8.0\Editor\VisualScripting.Core\Dependencies\DotNetZip\Unity.VisualScripting.IonicZip.dll
Native extension for WindowsStandalone target not found
Native extension for WebGL target not found
Refreshing native plugins compatible for Editor in 97.01 ms, found 4 plugins.
Preloading 0 native plugins for Editor in 0.00 ms.
Mono: successfully reloaded assembly
- Completed reload, in  1.229 seconds
Domain Reload Profiling:
	ReloadAssembly (1229ms)
		BeginReloadAssembly (119ms)
			ExecutionOrderSort (0ms)
			DisableScriptedObjects (6ms)
			BackupInstance (0ms)
			ReleaseScriptingObjects (0ms)
			CreateAndSetChildDomain (17ms)
		EndReloadAssembly (979ms)
			LoadAssemblies (93ms)
			RebuildTransferFunctionScriptingTraits (0ms)
			SetupTypeCache (313ms)
			ReleaseScriptCaches (1ms)
			RebuildScriptCaches (56ms)
			SetupLoadedEditorAssemblies (458ms)
				LogAssemblyErrors (0ms)
				InitializePlatformSupportModulesInManaged (6ms)
				SetLoadedEditorAssemblies (0ms)
				RefreshPlugins (97ms)
				BeforeProcessingInitializeOnLoad (94ms)
				ProcessInitializeOnLoadAttributes (216ms)
				ProcessInitializeOnLoadMethodAttributes (37ms)
				AfterProcessingInitializeOnLoad (7ms)
				EditorAssembliesLoaded (0ms)
			ExecutionOrderSort2 (0ms)
			AwakeInstancesAfterBackupRestoration (6ms)
Platform modules already initialized, skipping
========================================================================
Worker process is ready to serve import requests
Launched and connected shader compiler UnityShaderCompiler.exe after 0.03 seconds
Refreshing native plugins compatible for Editor in 0.69 ms, found 4 plugins.
Preloading 0 native plugins for Editor in 0.00 ms.
Unloading 3734 Unused Serialized files (Serialized files now loaded: 0)
Unloading 41 unused Assets / (229.0 KB). Loaded Objects now: 4188.
Memory consumption went from 142.7 MB to 142.5 MB.
Total: 3.327500 ms (FindLiveObjects: 0.327600 ms CreateObjectMapping: 0.341100 ms MarkObjects: 2.498900 ms  DeleteObjects: 0.159100 ms)

AssetImportParameters requested are different than current active one (requested -> active):
  custom:video-decoder-ogg-theora: a1e56fd34408186e4bbccfd4996cb3dc -> 
  custom:container-muxer-webm: aa71ff27fc2769a1b78a27578f13a17b -> 
  custom:container-demuxer-webm: 4f35f7cbe854078d1ac9338744f61a02 -> 
  custom:video-encoder-webm-vp8: eb34c28f22e8b96e1ab97ce403110664 -> 
  custom:audio-encoder-webm-vorbis: bf7c407c2cedff20999df2af8eb42d56 -> 
  custom:framework-win-MediaFoundation: 216162199b28c13a410421893ffa2e32 -> 
  custom:container-demuxer-ogg: 62fdf1f143b41e24485cea50d1cbac27 -> 
  custom:video-decoder-webm-vp8: 9c59270c3fd7afecdb556c50c9e8de78 -> 
  custom:audio-decoder-ogg-vorbis: bf7c407c2cedff20999df2af8eb42d56 -> 
========================================================================
Received Import Request.
  Time since last request: 139239.728398 seconds.
  path: Assets/Landscapes/landscape_37_out.png
  artifactKey: Guid(6bb613fbaa5c1764bae4b0c826a51fdd) Importer(815301076,1909f56bfc062723c751e8b465ee728b)
Start importing Assets/Landscapes/landscape_37_out.png using Guid(6bb613fbaa5c1764bae4b0c826a51fdd) Importer(815301076,1909f56bfc062723c751e8b465ee728b)  -> (artifact id: 'ba5eabd4ee73d3c06c52a7ffbfdd3f17') in 0.105034 seconds 
========================================================================
Received Import Request.
  Time since last request: 0.000023 seconds.
  path: Assets/Landscapes/landscape_30_out.png
  artifactKey: Guid(e8740022ec39151479f8fac74650eec1) Importer(815301076,1909f56bfc062723c751e8b465ee728b)
Start importing Assets/Landscapes/landscape_30_out.png using Guid(e8740022ec39151479f8fac74650eec1) Importer(815301076,1909f56bfc062723c751e8b465ee728b)  -> (artifact id: '955b3a72849bb303155ce15ccea64239') in 0.020990 seconds 
========================================================================
Received Import Request.
  Time since last request: 0.000034 seconds.
  path: Assets/Landscapes/landscape_10_out.png
  artifactKey: Guid(303914c5f7e15304294441e92939d3a3) Importer(815301076,1909f56bfc062723c751e8b465ee728b)
Start importing Assets/Landscapes/landscape_10_out.png using Guid(303914c5f7e15304294441e92939d3a3) Importer(815301076,1909f56bfc062723c751e8b465ee728b)  -> (artifact id: 'de27c11060a6300de81f50f2593691bc') in 0.022758 seconds 
========================================================================
Received Import Request.
  Time since last request: 0.000023 seconds.
  path: Assets/Landscapes/landscape_13_out.png
  artifactKey: Guid(371f426fe8fb3184eb16d7f840a7a124) Importer(815301076,1909f56bfc062723c751e8b465ee728b)
Start importing Assets/Landscapes/landscape_13_out.png using Guid(371f426fe8fb3184eb16d7f840a7a124) Importer(815301076,1909f56bfc062723c751e8b465ee728b)  -> (artifact id: 'ea85df30320f538f933c25c5a5667875') in 0.025762 seconds 
========================================================================
Received Import Request.
  Time since last request: 0.000024 seconds.
  path: Assets/Landscapes/landscape_26_out.png
  artifactKey: Guid(9c1ee68f3d129d84d871f0ceac1e9d7b) Importer(815301076,1909f56bfc062723c751e8b465ee728b)
Start importing Assets/Landscapes/landscape_26_out.png using Guid(9c1ee68f3d129d84d871f0ceac1e9d7b) Importer(815301076,1909f56bfc062723c751e8b465ee728b)  -> (artifact id: 'd5e7732ba0c0b425f0616d6a604820d0') in 0.026420 seconds 
========================================================================
Received Import Request.
  Time since last request: 0.000031 seconds.
  path: Assets/Landscapes/landscape_02_out.png
  artifactKey: Guid(d4c60c158f0171944a5498219a8f8c5d) Importer(815301076,1909f56bfc062723c751e8b465ee728b)
Start importing Assets/Landscapes/landscape_02_out.png using Guid(d4c60c158f0171944a5498219a8f8c5d) Importer(815301076,1909f56bfc062723c751e8b465ee728b)  -> (artifact id: 'c1307d853220b247225865a193b42f3f') in 0.023289 seconds 
========================================================================
Received Import Request.
  Time since last request: 0.000065 seconds.
  path: Assets/Landscapes/landscape_19_out.png
  artifactKey: Guid(85dc4d9616dbe3f4d82c116d32c0e77f) Importer(815301076,1909f56bfc062723c751e8b465ee728b)
Start importing Assets/Landscapes/landscape_19_out.png using Guid(85dc4d9616dbe3f4d82c116d32c0e77f) Importer(815301076,1909f56bfc062723c751e8b465ee728b)  -> (artifact id: '293ad2e5ca3df36ed6a97108f12c5669') in 0.022485 seconds 
========================================================================
Received Import Request.
  Time since last request: 0.000024 seconds.
  path: Assets/Landscapes/landscape_12_out.png
  artifactKey: Guid(839aceedb13bcf244aab42b17007fbbd) Importer(815301076,1909f56bfc062723c751e8b465ee728b)
Start importing Assets/Landscapes/landscape_12_out.png using Guid(839aceedb13bcf244aab42b17007fbbd) Importer(815301076,1909f56bfc062723c751e8b465ee728b)  -> (artifact id: 'd5e891fb22b7fd07733616b57351f452') in 0.022294 seconds 
========================================================================
Received Import Request.
  Time since last request: 0.000028 seconds.
  path: Assets/Landscapes/landscape_09_out.png
  artifactKey: Guid(c91035f46b4ac7f43be8252f4d6e6d16) Importer(815301076,1909f56bfc062723c751e8b465ee728b)
Start importing Assets/Landscapes/landscape_09_out.png using Guid(c91035f46b4ac7f43be8252f4d6e6d16) Importer(815301076,1909f56bfc062723c751e8b465ee728b)  -> (artifact id: '8b34c4198365f6cd4c8dc37ddd79cf0a') in 0.022482 seconds 
========================================================================
Received Import Request.
  Time since last request: 0.000022 seconds.
  path: Assets/Landscapes/landscape_11_out.png
  artifactKey: Guid(ec644c587b4670542a5af68ddfffd225) Importer(815301076,1909f56bfc062723c751e8b465ee728b)
Start importing Assets/Landscapes/landscape_11_out.png using Guid(ec644c587b4670542a5af68ddfffd225) Importer(815301076,1909f56bfc062723c751e8b465ee728b)  -> (artifact id: 'afca33d589f5df5eae65d8d848f6313a') in 0.023691 seconds 
========================================================================
Received Import Request.
  Time since last request: 0.000029 seconds.
  path: Assets/Landscapes/landscape_27_out.png
  artifactKey: Guid(b16d49f15e01eb7469d54155ce193906) Importer(815301076,1909f56bfc062723c751e8b465ee728b)
Start importing Assets/Landscapes/landscape_27_out.png using Guid(b16d49f15e01eb7469d54155ce193906) Importer(815301076,1909f56bfc062723c751e8b465ee728b)  -> (artifact id: '1f98eedd4fa7be0c1cfb307c0e8f6b0a') in 0.025122 seconds 
========================================================================
Received Import Request.
  Time since last request: 0.000026 seconds.
  path: Assets/Landscapes/landscape_33_out.png
  artifactKey: Guid(29c9803a43564874ab02daf63fe3c5aa) Importer(815301076,1909f56bfc062723c751e8b465ee728b)
Start importing Assets/Landscapes/landscape_33_out.png using Guid(29c9803a43564874ab02daf63fe3c5aa) Importer(815301076,1909f56bfc062723c751e8b465ee728b)  -> (artifact id: '565cb6e03b418ff9605ab03fed09d87c') in 0.022983 seconds 
========================================================================
Received Import Request.
  Time since last request: 0.000033 seconds.
  path: Assets/Landscapes/landscape_06_out.png
  artifactKey: Guid(c393fc8b007bb5a4d9b979e1519eb8a0) Importer(815301076,1909f56bfc062723c751e8b465ee728b)
Start importing Assets/Landscapes/landscape_06_out.png using Guid(c393fc8b007bb5a4d9b979e1519eb8a0) Importer(815301076,1909f56bfc062723c751e8b465ee728b)  -> (artifact id: '165d3192943bffe52c087d8765fb1667') in 0.021414 seconds 
========================================================================
Received Import Request.
  Time since last request: 0.000031 seconds.
  path: Assets/Landscapes/landscape_25_out.png
  artifactKey: Guid(7e1383e51b6459548a0f2c9937c20c99) Importer(815301076,1909f56bfc062723c751e8b465ee728b)
Start importing Assets/Landscapes/landscape_25_out.png using Guid(7e1383e51b6459548a0f2c9937c20c99) Importer(815301076,1909f56bfc062723c751e8b465ee728b)  -> (artifact id: '74d32ac67c23f5a5051232583e15ac87') in 0.015290 seconds 
========================================================================
Received Import Request.
  Time since last request: 0.000019 seconds.
  path: Assets/Landscapes/landscape_23_out.png
  artifactKey: Guid(e81bb1c9345870245927a8a92bd293b0) Importer(815301076,1909f56bfc062723c751e8b465ee728b)
Start importing Assets/Landscapes/landscape_23_out.png using Guid(e81bb1c9345870245927a8a92bd293b0) Importer(815301076,1909f56bfc062723c751e8b465ee728b)  -> (artifact id: '1b88abb1d39b1fd314f859c60ed6d9bd') in 0.019266 seconds 
========================================================================
Received Import Request.
  Time since last request: 184.288555 seconds.
  path: Assets/Landscapes/Sprites
  artifactKey: Guid(2e769a356e6d50a48a8049249bcf4770) Importer(815301076,1909f56bfc062723c751e8b465ee728b)
Start importing Assets/Landscapes/Sprites using Guid(2e769a356e6d50a48a8049249bcf4770) Importer(815301076,1909f56bfc062723c751e8b465ee728b)  -> (artifact id: '3fcb65152e1c22aba937134d082ff4d7') in 0.006913 seconds 
========================================================================
Received Import Request.
  Time since last request: 38.450210 seconds.
  path: Assets/Landscapes/Land Palette.prefab
  artifactKey: Guid(4598453a741cb4f4db711b634492e6f2) Importer(815301076,1909f56bfc062723c751e8b465ee728b)
Start importing Assets/Landscapes/Land Palette.prefab using Guid(4598453a741cb4f4db711b634492e6f2) Importer(815301076,1909f56bfc062723c751e8b465ee728b)  -> (artifact id: '8bf10fab6dedaee8fc5a927da0d94afc') in 0.038237 seconds 
========================================================================
Received Import Request.
  Time since last request: 8.351177 seconds.
  path: Assets/Landscapes/Land Palette.prefab
  artifactKey: Guid(4598453a741cb4f4db711b634492e6f2) Importer(815301076,1909f56bfc062723c751e8b465ee728b)
Start importing Assets/Landscapes/Land Palette.prefab using Guid(4598453a741cb4f4db711b634492e6f2) Importer(815301076,1909f56bfc062723c751e8b465ee728b)  -> (artifact id: 'defebd695e8673979859b0d971c67456') in 0.022218 seconds 
========================================================================
Received Import Request.
  Time since last request: 12.423148 seconds.
  path: Assets/Landscapes/Land Palette.prefab
  artifactKey: Guid(4598453a741cb4f4db711b634492e6f2) Importer(815301076,1909f56bfc062723c751e8b465ee728b)
Start importing Assets/Landscapes/Land Palette.prefab using Guid(4598453a741cb4f4db711b634492e6f2) Importer(815301076,1909f56bfc062723c751e8b465ee728b)  -> (artifact id: 'ff42b83d71c05f718ec0e5cade21f07b') in 0.012958 seconds 
========================================================================
Received Import Request.
  Time since last request: 13.460947 seconds.
  path: Assets/Landscapes/Land Palette.prefab
  artifactKey: Guid(4598453a741cb4f4db711b634492e6f2) Importer(815301076,1909f56bfc062723c751e8b465ee728b)
Start importing Assets/Landscapes/Land Palette.prefab using Guid(4598453a741cb4f4db711b634492e6f2) Importer(815301076,1909f56bfc062723c751e8b465ee728b)  -> (artifact id: 'd00101a7258e836487ad8cb2501e481d') in 0.018421 seconds 
========================================================================
Received Import Request.
  Time since last request: 7.051606 seconds.
  path: Assets/Landscapes/Land Palette.prefab
  artifactKey: Guid(4598453a741cb4f4db711b634492e6f2) Importer(815301076,1909f56bfc062723c751e8b465ee728b)
Start importing Assets/Landscapes/Land Palette.prefab using Guid(4598453a741cb4f4db711b634492e6f2) Importer(815301076,1909f56bfc062723c751e8b465ee728b)  -> (artifact id: '9f9e61c1ea41ffb1d25dc14fbb45218a') in 0.017309 seconds 
========================================================================
Received Import Request.
  Time since last request: 4.576506 seconds.
  path: Assets/Landscapes/Land Palette.prefab
  artifactKey: Guid(4598453a741cb4f4db711b634492e6f2) Importer(815301076,1909f56bfc062723c751e8b465ee728b)
Start importing Assets/Landscapes/Land Palette.prefab using Guid(4598453a741cb4f4db711b634492e6f2) Importer(815301076,1909f56bfc062723c751e8b465ee728b)  -> (artifact id: '28f7e29dd9fa2232a567315b61b007e1') in 0.015062 seconds 
========================================================================
Received Import Request.
  Time since last request: 38.713231 seconds.
  path: Assets/Landscapes/Land Palette.prefab
  artifactKey: Guid(4598453a741cb4f4db711b634492e6f2) Importer(815301076,1909f56bfc062723c751e8b465ee728b)
Start importing Assets/Landscapes/Land Palette.prefab using Guid(4598453a741cb4f4db711b634492e6f2) Importer(815301076,1909f56bfc062723c751e8b465ee728b)  -> (artifact id: '48baf1577ddfbf86ea069dc134ead859') in 0.016588 seconds 
========================================================================
Received Import Request.
  Time since last request: 191.550421 seconds.
  path: Assets/Landscapes/Land Palette.prefab
  artifactKey: Guid(4598453a741cb4f4db711b634492e6f2) Importer(815301076,1909f56bfc062723c751e8b465ee728b)
Start importing Assets/Landscapes/Land Palette.prefab using Guid(4598453a741cb4f4db711b634492e6f2) Importer(815301076,1909f56bfc062723c751e8b465ee728b)  -> (artifact id: '411033727d60a86c628af2a8192d2cdb') in 0.025211 seconds 
========================================================================
Received Import Request.
  Time since last request: 10958.525142 seconds.
  path: Assets/Landscapes/Land Palette.prefab
  artifactKey: Guid(4598453a741cb4f4db711b634492e6f2) Importer(815301076,1909f56bfc062723c751e8b465ee728b)
Start importing Assets/Landscapes/Land Palette.prefab using Guid(4598453a741cb4f4db711b634492e6f2) Importer(815301076,1909f56bfc062723c751e8b465ee728b)  -> (artifact id: 'c513d81662065d64720f81af4955a30d') in 0.077299 seconds 
