Using pre-set license
Built from '2021.3/staging' branch; Version is '2021.3.19f1 (c9714fde33b6) revision 13201743'; Using compiler version '192829333'; Build Type 'Release'
OS: 'Windows 10  (10.0.19044) 64bit Professional' Language: 'en' Physical Memory: 32557 MB
BatchMode: 1, IsHumanControllingUs: 0, StartBugReporterOnCrash: 0, Is64bit: 1, IsPro: 1

COMMAND LINE ARGUMENTS:
C:\Program Files\Unity\Hub\Editor\2021.3.19f1\Editor\Unity.exe
-adb2
-batchMode
-noUpm
-name
AssetImportWorker1
-projectPath
C:/Users/yoann/OneDrive - SUPINFO/YEAR2/2PROJ - Unity/2PROJ Tower Defense
-logFile
Logs/AssetImportWorker1.log
-srvPort
49562
Successfully changed project path to: C:/Users/yoann/OneDrive - SUPINFO/YEAR2/2PROJ - Unity/2PROJ Tower Defense
C:/Users/yoann/OneDrive - SUPINFO/YEAR2/2PROJ - Unity/2PROJ Tower Defense
[UnityMemory] Configuration Parameters - Can be set up in boot.config
    "memorysetup-bucket-allocator-granularity=16"
    "memorysetup-bucket-allocator-bucket-count=8"
    "memorysetup-bucket-allocator-block-size=33554432"
    "memorysetup-bucket-allocator-block-count=8"
    "memorysetup-main-allocator-block-size=16777216"
    "memorysetup-thread-allocator-block-size=16777216"
    "memorysetup-gfx-main-allocator-block-size=16777216"
    "memorysetup-gfx-thread-allocator-block-size=16777216"
    "memorysetup-cache-allocator-block-size=4194304"
    "memorysetup-typetree-allocator-block-size=2097152"
    "memorysetup-profiler-bucket-allocator-granularity=16"
    "memorysetup-profiler-bucket-allocator-bucket-count=8"
    "memorysetup-profiler-bucket-allocator-block-size=33554432"
    "memorysetup-profiler-bucket-allocator-block-count=8"
    "memorysetup-profiler-allocator-block-size=16777216"
    "memorysetup-profiler-editor-allocator-block-size=1048576"
    "memorysetup-temp-allocator-size-main=16777216"
    "memorysetup-job-temp-allocator-block-size=2097152"
    "memorysetup-job-temp-allocator-block-size-background=1048576"
    "memorysetup-job-temp-allocator-reduction-small-platforms=262144"
    "memorysetup-temp-allocator-size-background-worker=32768"
    "memorysetup-temp-allocator-size-job-worker=262144"
    "memorysetup-temp-allocator-size-preload-manager=33554432"
    "memorysetup-temp-allocator-size-nav-mesh-worker=65536"
    "memorysetup-temp-allocator-size-audio-worker=65536"
    "memorysetup-temp-allocator-size-cloud-worker=32768"
    "memorysetup-temp-allocator-size-gi-baking-worker=262144"
    "memorysetup-temp-allocator-size-gfx=262144"
Player connection [4868] Host "[IP] 192.168.249.1 [Port] 0 [Flags] 2 [Guid] 1786230296 [EditorId] 1786230296 [Version] 1048832 [Id] WindowsEditor(7,MSI) [Debug] 1 [PackageName] WindowsEditor [ProjectName] Editor" joined multi-casting on [225.0.0.222:54997]...

Player connection [4868] Host "[IP] 192.168.249.1 [Port] 0 [Flags] 2 [Guid] 1786230296 [EditorId] 1786230296 [Version] 1048832 [Id] WindowsEditor(7,MSI) [Debug] 1 [PackageName] WindowsEditor [ProjectName] Editor" joined alternative multi-casting on [225.0.0.222:34997]...

Refreshing native plugins compatible for Editor in 101.48 ms, found 4 plugins.
Preloading 0 native plugins for Editor in 0.00 ms.
Initialize engine version: 2021.3.19f1 (c9714fde33b6)
[Subsystems] Discovering subsystems at path C:/Program Files/Unity/Hub/Editor/2021.3.19f1/Editor/Data/Resources/UnitySubsystems
[Subsystems] Discovering subsystems at path C:/Users/yoann/OneDrive - SUPINFO/YEAR2/2PROJ - Unity/2PROJ Tower Defense/Assets
GfxDevice: creating device client; threaded=0; jobified=0
Direct3D:
    Version:  Direct3D 11.0 [level 11.1]
    Renderer: NVIDIA Quadro T1000 (ID=0x1fb9)
    Vendor:   NVIDIA
    VRAM:     3962 MB
    Driver:   26.21.14.4294
Initialize mono
Mono path[0] = 'C:/Program Files/Unity/Hub/Editor/2021.3.19f1/Editor/Data/Managed'
Mono path[1] = 'C:/Program Files/Unity/Hub/Editor/2021.3.19f1/Editor/Data/MonoBleedingEdge/lib/mono/unityjit-win32'
Mono config path = 'C:/Program Files/Unity/Hub/Editor/2021.3.19f1/Editor/Data/MonoBleedingEdge/etc'
Using monoOptions --debugger-agent=transport=dt_socket,embedding=1,server=y,suspend=n,address=127.0.0.1:56416
Begin MonoManager ReloadAssembly
Registering precompiled unity dll's ...
Register platform support module: C:/Program Files/Unity/Hub/Editor/2021.3.19f1/Editor/Data/PlaybackEngines/WebGLSupport/UnityEditor.WebGL.Extensions.dll
Register platform support module: C:/Program Files/Unity/Hub/Editor/2021.3.19f1/Editor/Data/PlaybackEngines/WindowsStandaloneSupport/UnityEditor.WindowsStandalone.Extensions.dll
Registered in 0.008125 seconds.
Native extension for WindowsStandalone target not found
Native extension for WebGL target not found
Refreshing native plugins compatible for Editor in 93.82 ms, found 4 plugins.
Preloading 0 native plugins for Editor in 0.00 ms.
Mono: successfully reloaded assembly
- Completed reload, in  0.652 seconds
Domain Reload Profiling:
	ReloadAssembly (652ms)
		BeginReloadAssembly (70ms)
			ExecutionOrderSort (0ms)
			DisableScriptedObjects (0ms)
			BackupInstance (0ms)
			ReleaseScriptingObjects (0ms)
			CreateAndSetChildDomain (1ms)
		EndReloadAssembly (475ms)
			LoadAssemblies (68ms)
			RebuildTransferFunctionScriptingTraits (0ms)
			SetupTypeCache (111ms)
			ReleaseScriptCaches (0ms)
			RebuildScriptCaches (30ms)
			SetupLoadedEditorAssemblies (283ms)
				LogAssemblyErrors (0ms)
				InitializePlatformSupportModulesInManaged (9ms)
				SetLoadedEditorAssemblies (0ms)
				RefreshPlugins (94ms)
				BeforeProcessingInitializeOnLoad (1ms)
				ProcessInitializeOnLoadAttributes (137ms)
				ProcessInitializeOnLoadMethodAttributes (41ms)
				AfterProcessingInitializeOnLoad (0ms)
				EditorAssembliesLoaded (0ms)
			ExecutionOrderSort2 (0ms)
			AwakeInstancesAfterBackupRestoration (0ms)
Platform modules already initialized, skipping
Registering precompiled user dll's ...
Registered in 0.007302 seconds.
Begin MonoManager ReloadAssembly
Symbol file LoadedFromMemory doesn't match image C:\Users\yoann\OneDrive - SUPINFO\YEAR2\2PROJ - Unity\2PROJ Tower Defense\Library\PackageCache\com.unity.visualscripting@1.8.0\Editor\VisualScripting.Core\Dependencies\YamlDotNet\Unity.VisualScripting.YamlDotNet.dll
Symbol file LoadedFromMemory doesn't match image C:\Users\yoann\OneDrive - SUPINFO\YEAR2\2PROJ - Unity\2PROJ Tower Defense\Library\PackageCache\com.unity.visualscripting@1.8.0\Editor\VisualScripting.Core\Dependencies\DotNetZip\Unity.VisualScripting.IonicZip.dll
Native extension for WindowsStandalone target not found
Native extension for WebGL target not found
Refreshing native plugins compatible for Editor in 103.45 ms, found 4 plugins.
Preloading 0 native plugins for Editor in 0.00 ms.
Mono: successfully reloaded assembly
- Completed reload, in  1.238 seconds
Domain Reload Profiling:
	ReloadAssembly (1239ms)
		BeginReloadAssembly (113ms)
			ExecutionOrderSort (0ms)
			DisableScriptedObjects (5ms)
			BackupInstance (0ms)
			ReleaseScriptingObjects (0ms)
			CreateAndSetChildDomain (18ms)
		EndReloadAssembly (990ms)
			LoadAssemblies (81ms)
			RebuildTransferFunctionScriptingTraits (0ms)
			SetupTypeCache (301ms)
			ReleaseScriptCaches (1ms)
			RebuildScriptCaches (61ms)
			SetupLoadedEditorAssemblies (477ms)
				LogAssemblyErrors (0ms)
				InitializePlatformSupportModulesInManaged (6ms)
				SetLoadedEditorAssemblies (0ms)
				RefreshPlugins (104ms)
				BeforeProcessingInitializeOnLoad (96ms)
				ProcessInitializeOnLoadAttributes (223ms)
				ProcessInitializeOnLoadMethodAttributes (40ms)
				AfterProcessingInitializeOnLoad (7ms)
				EditorAssembliesLoaded (0ms)
			ExecutionOrderSort2 (0ms)
			AwakeInstancesAfterBackupRestoration (6ms)
Platform modules already initialized, skipping
========================================================================
Worker process is ready to serve import requests
Launched and connected shader compiler UnityShaderCompiler.exe after 0.03 seconds
Refreshing native plugins compatible for Editor in 0.81 ms, found 4 plugins.
Preloading 0 native plugins for Editor in 0.00 ms.
Unloading 3734 Unused Serialized files (Serialized files now loaded: 0)
Unloading 41 unused Assets / (229.0 KB). Loaded Objects now: 4188.
Memory consumption went from 142.7 MB to 142.5 MB.
Total: 3.492100 ms (FindLiveObjects: 0.392300 ms CreateObjectMapping: 0.358500 ms MarkObjects: 2.567300 ms  DeleteObjects: 0.172800 ms)

AssetImportParameters requested are different than current active one (requested -> active):
  custom:video-decoder-ogg-theora: a1e56fd34408186e4bbccfd4996cb3dc -> 
  custom:container-muxer-webm: aa71ff27fc2769a1b78a27578f13a17b -> 
  custom:container-demuxer-webm: 4f35f7cbe854078d1ac9338744f61a02 -> 
  custom:video-encoder-webm-vp8: eb34c28f22e8b96e1ab97ce403110664 -> 
  custom:audio-encoder-webm-vorbis: bf7c407c2cedff20999df2af8eb42d56 -> 
  custom:framework-win-MediaFoundation: 216162199b28c13a410421893ffa2e32 -> 
  custom:container-demuxer-ogg: 62fdf1f143b41e24485cea50d1cbac27 -> 
  custom:video-decoder-webm-vp8: 9c59270c3fd7afecdb556c50c9e8de78 -> 
  custom:audio-decoder-ogg-vorbis: bf7c407c2cedff20999df2af8eb42d56 -> 
========================================================================
Received Import Request.
  Time since last request: 139239.738558 seconds.
  path: Assets/Landscapes/landscape_01_out.png
  artifactKey: Guid(d51de21ed90ef4b44a85d1692d609d02) Importer(815301076,1909f56bfc062723c751e8b465ee728b)
Start importing Assets/Landscapes/landscape_01_out.png using Guid(d51de21ed90ef4b44a85d1692d609d02) Importer(815301076,1909f56bfc062723c751e8b465ee728b)  -> (artifact id: '9271d447583c91b58048cc827982b9ef') in 0.113113 seconds 
========================================================================
Received Import Request.
  Time since last request: 0.000027 seconds.
  path: Assets/Landscapes/landscape_21_out.png
  artifactKey: Guid(60ba5f8d739b17244b6418375f35656b) Importer(815301076,1909f56bfc062723c751e8b465ee728b)
Start importing Assets/Landscapes/landscape_21_out.png using Guid(60ba5f8d739b17244b6418375f35656b) Importer(815301076,1909f56bfc062723c751e8b465ee728b)  -> (artifact id: 'e1e8dabf919fbd447da9dcaa5aff9464') in 0.022334 seconds 
========================================================================
Received Import Request.
  Time since last request: 0.000035 seconds.
  path: Assets/Landscapes/landscape_05_out.png
  artifactKey: Guid(c1d8d4f4d7041cc45a435831f2b50253) Importer(815301076,1909f56bfc062723c751e8b465ee728b)
Start importing Assets/Landscapes/landscape_05_out.png using Guid(c1d8d4f4d7041cc45a435831f2b50253) Importer(815301076,1909f56bfc062723c751e8b465ee728b)  -> (artifact id: 'bdc5798937ad88c208b1925ba107f1a0') in 0.021771 seconds 
========================================================================
Received Import Request.
  Time since last request: 0.000024 seconds.
  path: Assets/Landscapes/landscape_22_out.png
  artifactKey: Guid(c041dc9d7ac30504dbbaf0288f960ab2) Importer(815301076,1909f56bfc062723c751e8b465ee728b)
Start importing Assets/Landscapes/landscape_22_out.png using Guid(c041dc9d7ac30504dbbaf0288f960ab2) Importer(815301076,1909f56bfc062723c751e8b465ee728b)  -> (artifact id: 'df26df2c47a62b3043cc128a7c33fe79') in 0.018109 seconds 
========================================================================
Received Import Request.
  Time since last request: 0.000044 seconds.
  path: Assets/Landscapes/landscape_04_out.png
  artifactKey: Guid(8428457e5092df4459e02a51ff91b102) Importer(815301076,1909f56bfc062723c751e8b465ee728b)
Start importing Assets/Landscapes/landscape_04_out.png using Guid(8428457e5092df4459e02a51ff91b102) Importer(815301076,1909f56bfc062723c751e8b465ee728b)  -> (artifact id: '0054cc5cbb9551cb9815a8b4a7652cbd') in 0.023811 seconds 
========================================================================
Received Import Request.
  Time since last request: 0.000026 seconds.
  path: Assets/Landscapes/landscape_00_out.png
  artifactKey: Guid(d1a07f3f5ac47c14b9c098a2409ea89a) Importer(815301076,1909f56bfc062723c751e8b465ee728b)
Start importing Assets/Landscapes/landscape_00_out.png using Guid(d1a07f3f5ac47c14b9c098a2409ea89a) Importer(815301076,1909f56bfc062723c751e8b465ee728b)  -> (artifact id: 'ba1ae72669dc72ca2c0623dad63e9233') in 0.023851 seconds 
========================================================================
Received Import Request.
  Time since last request: 0.000017 seconds.
  path: Assets/Landscapes/landscape_03_out.png
  artifactKey: Guid(3ba30fc0b92cf4144bafd22a3b9f511d) Importer(815301076,1909f56bfc062723c751e8b465ee728b)
Start importing Assets/Landscapes/landscape_03_out.png using Guid(3ba30fc0b92cf4144bafd22a3b9f511d) Importer(815301076,1909f56bfc062723c751e8b465ee728b)  -> (artifact id: '5a68d0a5a83f09c32e92fdc36483cfac') in 0.023988 seconds 
========================================================================
Received Import Request.
  Time since last request: 0.000021 seconds.
  path: Assets/Landscapes/landscape_20_out.png
  artifactKey: Guid(4cfa5a6a3683eec4fb77312782915efd) Importer(815301076,1909f56bfc062723c751e8b465ee728b)
Start importing Assets/Landscapes/landscape_20_out.png using Guid(4cfa5a6a3683eec4fb77312782915efd) Importer(815301076,1909f56bfc062723c751e8b465ee728b)  -> (artifact id: 'a71b1f8a6d5fee91f1ec6a6e5c4d8d4a') in 0.023571 seconds 
========================================================================
Received Import Request.
  Time since last request: 0.000024 seconds.
  path: Assets/Landscapes/landscape_29_out.png
  artifactKey: Guid(53f3733c0e0bd9f41bbf8dc4c6f66948) Importer(815301076,1909f56bfc062723c751e8b465ee728b)
Start importing Assets/Landscapes/landscape_29_out.png using Guid(53f3733c0e0bd9f41bbf8dc4c6f66948) Importer(815301076,1909f56bfc062723c751e8b465ee728b)  -> (artifact id: 'd37ed803690ca876a022d1ccfca22ca6') in 0.022803 seconds 
========================================================================
Received Import Request.
  Time since last request: 0.000051 seconds.
  path: Assets/Landscapes/landscape_18_out.png
  artifactKey: Guid(7f6a74dae29459e45ad9683abaaaab0a) Importer(815301076,1909f56bfc062723c751e8b465ee728b)
Start importing Assets/Landscapes/landscape_18_out.png using Guid(7f6a74dae29459e45ad9683abaaaab0a) Importer(815301076,1909f56bfc062723c751e8b465ee728b)  -> (artifact id: 'f3311e2a55cecad07727b8dff0989cbf') in 0.022211 seconds 
========================================================================
Received Import Request.
  Time since last request: 0.000030 seconds.
  path: Assets/Landscapes/landscape_38_out.png
  artifactKey: Guid(d4ef520844abe3a4182e86c144322a38) Importer(815301076,1909f56bfc062723c751e8b465ee728b)
Start importing Assets/Landscapes/landscape_38_out.png using Guid(d4ef520844abe3a4182e86c144322a38) Importer(815301076,1909f56bfc062723c751e8b465ee728b)  -> (artifact id: 'fbd2bfe8b873a6821430b61ba9d13978') in 0.024212 seconds 
========================================================================
Received Import Request.
  Time since last request: 0.000027 seconds.
  path: Assets/Landscapes/landscape_39_out.png
  artifactKey: Guid(bbc8a72c95877164b98bdc821aae160b) Importer(815301076,1909f56bfc062723c751e8b465ee728b)
Start importing Assets/Landscapes/landscape_39_out.png using Guid(bbc8a72c95877164b98bdc821aae160b) Importer(815301076,1909f56bfc062723c751e8b465ee728b)  -> (artifact id: 'dbd1001ce7c0fcdc546d5b6a484850f7') in 0.021501 seconds 
========================================================================
Received Import Request.
  Time since last request: 0.000031 seconds.
  path: Assets/Landscapes/desktop.ini
  artifactKey: Guid(62d5eaaa8d830b14a81601fb2de826c3) Importer(815301076,1909f56bfc062723c751e8b465ee728b)
Start importing Assets/Landscapes/desktop.ini using Guid(62d5eaaa8d830b14a81601fb2de826c3) Importer(815301076,1909f56bfc062723c751e8b465ee728b)  -> (artifact id: '55273cef26ac1ddd5c2ad634ef38decf') in 0.008561 seconds 
========================================================================
Received Import Request.
  Time since last request: 0.000025 seconds.
  path: Assets/Landscapes/landscape_31_out.png
  artifactKey: Guid(45de2d8a3464d104aa3d0d0435240f48) Importer(815301076,1909f56bfc062723c751e8b465ee728b)
Start importing Assets/Landscapes/landscape_31_out.png using Guid(45de2d8a3464d104aa3d0d0435240f48) Importer(815301076,1909f56bfc062723c751e8b465ee728b)  -> (artifact id: '2a7fc58df338b576b6a095f924daf03a') in 0.020335 seconds 
========================================================================
Received Import Request.
  Time since last request: 0.000037 seconds.
  path: Assets/Landscapes/landscape_28_out.png
  artifactKey: Guid(a7cb59627661e3143bd5919f657958d1) Importer(815301076,1909f56bfc062723c751e8b465ee728b)
Start importing Assets/Landscapes/landscape_28_out.png using Guid(a7cb59627661e3143bd5919f657958d1) Importer(815301076,1909f56bfc062723c751e8b465ee728b)  -> (artifact id: '758e7763a36ad09629ceaf3ab985ef3e') in 0.016433 seconds 
