Using pre-set license
Built from '2021.3/staging' branch; Version is '2021.3.19f1 (c9714fde33b6) revision 13201743'; Using compiler version '192829333'; Build Type 'Release'
OS: 'Windows 10  (10.0.19044) 64bit Professional' Language: 'en' Physical Memory: 32557 MB
BatchMode: 1, IsHumanControllingUs: 0, StartBugReporterOnCrash: 0, Is64bit: 1, IsPro: 1

COMMAND LINE ARGUMENTS:
C:\Program Files\Unity\Hub\Editor\2021.3.19f1\Editor\Unity.exe
-adb2
-batchMode
-noUpm
-name
AssetImportWorker5
-projectPath
C:/Users/yoann/OneDrive - SUPINFO/YEAR2/2PROJ-Unity/2PROJ Tower Defense
-logFile
Logs/AssetImportWorker5.log
-srvPort
55964
Successfully changed project path to: C:/Users/yoann/OneDrive - SUPINFO/YEAR2/2PROJ-Unity/2PROJ Tower Defense
C:/Users/yoann/OneDrive - SUPINFO/YEAR2/2PROJ-Unity/2PROJ Tower Defense
[UnityMemory] Configuration Parameters - Can be set up in boot.config
    "memorysetup-bucket-allocator-granularity=16"
    "memorysetup-bucket-allocator-bucket-count=8"
    "memorysetup-bucket-allocator-block-size=33554432"
    "memorysetup-bucket-allocator-block-count=8"
    "memorysetup-main-allocator-block-size=16777216"
    "memorysetup-thread-allocator-block-size=16777216"
    "memorysetup-gfx-main-allocator-block-size=16777216"
    "memorysetup-gfx-thread-allocator-block-size=16777216"
    "memorysetup-cache-allocator-block-size=4194304"
    "memorysetup-typetree-allocator-block-size=2097152"
    "memorysetup-profiler-bucket-allocator-granularity=16"
    "memorysetup-profiler-bucket-allocator-bucket-count=8"
    "memorysetup-profiler-bucket-allocator-block-size=33554432"
    "memorysetup-profiler-bucket-allocator-block-count=8"
    "memorysetup-profiler-allocator-block-size=16777216"
    "memorysetup-profiler-editor-allocator-block-size=1048576"
    "memorysetup-temp-allocator-size-main=16777216"
    "memorysetup-job-temp-allocator-block-size=2097152"
    "memorysetup-job-temp-allocator-block-size-background=1048576"
    "memorysetup-job-temp-allocator-reduction-small-platforms=262144"
    "memorysetup-temp-allocator-size-background-worker=32768"
    "memorysetup-temp-allocator-size-job-worker=262144"
    "memorysetup-temp-allocator-size-preload-manager=33554432"
    "memorysetup-temp-allocator-size-nav-mesh-worker=65536"
    "memorysetup-temp-allocator-size-audio-worker=65536"
    "memorysetup-temp-allocator-size-cloud-worker=32768"
    "memorysetup-temp-allocator-size-gi-baking-worker=262144"
    "memorysetup-temp-allocator-size-gfx=262144"
Player connection [27700] Host "[IP] 192.168.249.1 [Port] 0 [Flags] 2 [Guid] 4047298320 [EditorId] 4047298320 [Version] 1048832 [Id] WindowsEditor(7,MSI) [Debug] 1 [PackageName] WindowsEditor [ProjectName] Editor" joined multi-casting on [225.0.0.222:54997]...

Player connection [27700] Host "[IP] 192.168.249.1 [Port] 0 [Flags] 2 [Guid] 4047298320 [EditorId] 4047298320 [Version] 1048832 [Id] WindowsEditor(7,MSI) [Debug] 1 [PackageName] WindowsEditor [ProjectName] Editor" joined alternative multi-casting on [225.0.0.222:34997]...

Refreshing native plugins compatible for Editor in 127.90 ms, found 4 plugins.
Preloading 0 native plugins for Editor in 0.00 ms.
Initialize engine version: 2021.3.19f1 (c9714fde33b6)
[Subsystems] Discovering subsystems at path C:/Program Files/Unity/Hub/Editor/2021.3.19f1/Editor/Data/Resources/UnitySubsystems
[Subsystems] Discovering subsystems at path C:/Users/yoann/OneDrive - SUPINFO/YEAR2/2PROJ-Unity/2PROJ Tower Defense/Assets
GfxDevice: creating device client; threaded=0; jobified=0
Direct3D:
    Version:  Direct3D 11.0 [level 11.1]
    Renderer: NVIDIA Quadro T1000 (ID=0x1fb9)
    Vendor:   NVIDIA
    VRAM:     3962 MB
    Driver:   26.21.14.4294
Initialize mono
Mono path[0] = 'C:/Program Files/Unity/Hub/Editor/2021.3.19f1/Editor/Data/Managed'
Mono path[1] = 'C:/Program Files/Unity/Hub/Editor/2021.3.19f1/Editor/Data/MonoBleedingEdge/lib/mono/unityjit-win32'
Mono config path = 'C:/Program Files/Unity/Hub/Editor/2021.3.19f1/Editor/Data/MonoBleedingEdge/etc'
Using monoOptions --debugger-agent=transport=dt_socket,embedding=1,server=y,suspend=n,address=127.0.0.1:56448
Begin MonoManager ReloadAssembly
Registering precompiled unity dll's ...
Register platform support module: C:/Program Files/Unity/Hub/Editor/2021.3.19f1/Editor/Data/PlaybackEngines/WebGLSupport/UnityEditor.WebGL.Extensions.dll
Register platform support module: C:/Program Files/Unity/Hub/Editor/2021.3.19f1/Editor/Data/PlaybackEngines/WindowsStandaloneSupport/UnityEditor.WindowsStandalone.Extensions.dll
Registered in 0.019626 seconds.
Native extension for WindowsStandalone target not found
Native extension for WebGL target not found
Refreshing native plugins compatible for Editor in 149.25 ms, found 4 plugins.
Preloading 0 native plugins for Editor in 0.00 ms.
Mono: successfully reloaded assembly
- Completed reload, in  1.040 seconds
Domain Reload Profiling:
	ReloadAssembly (1041ms)
		BeginReloadAssembly (99ms)
			ExecutionOrderSort (0ms)
			DisableScriptedObjects (0ms)
			BackupInstance (0ms)
			ReleaseScriptingObjects (0ms)
			CreateAndSetChildDomain (1ms)
		EndReloadAssembly (746ms)
			LoadAssemblies (97ms)
			RebuildTransferFunctionScriptingTraits (0ms)
			SetupTypeCache (189ms)
			ReleaseScriptCaches (0ms)
			RebuildScriptCaches (43ms)
			SetupLoadedEditorAssemblies (444ms)
				LogAssemblyErrors (0ms)
				InitializePlatformSupportModulesInManaged (13ms)
				SetLoadedEditorAssemblies (0ms)
				RefreshPlugins (149ms)
				BeforeProcessingInitializeOnLoad (2ms)
				ProcessInitializeOnLoadAttributes (216ms)
				ProcessInitializeOnLoadMethodAttributes (63ms)
				AfterProcessingInitializeOnLoad (0ms)
				EditorAssembliesLoaded (0ms)
			ExecutionOrderSort2 (0ms)
			AwakeInstancesAfterBackupRestoration (0ms)
Platform modules already initialized, skipping
Registering precompiled user dll's ...
Registered in 0.011441 seconds.
Begin MonoManager ReloadAssembly
Symbol file LoadedFromMemory doesn't match image C:\Users\yoann\OneDrive - SUPINFO\YEAR2\2PROJ-Unity\2PROJ Tower Defense\Library\PackageCache\com.unity.visualscripting@1.8.0\Editor\VisualScripting.Core\Dependencies\YamlDotNet\Unity.VisualScripting.YamlDotNet.dll
Symbol file LoadedFromMemory doesn't match image C:\Users\yoann\OneDrive - SUPINFO\YEAR2\2PROJ-Unity\2PROJ Tower Defense\Library\PackageCache\com.unity.visualscripting@1.8.0\Editor\VisualScripting.Core\Dependencies\DotNetZip\Unity.VisualScripting.IonicZip.dll
Native extension for WindowsStandalone target not found
Native extension for WebGL target not found
Refreshing native plugins compatible for Editor in 102.83 ms, found 4 plugins.
Preloading 0 native plugins for Editor in 0.00 ms.
Mono: successfully reloaded assembly
- Completed reload, in  5.225 seconds
Domain Reload Profiling:
	ReloadAssembly (5226ms)
		BeginReloadAssembly (128ms)
			ExecutionOrderSort (0ms)
			DisableScriptedObjects (7ms)
			BackupInstance (0ms)
			ReleaseScriptingObjects (0ms)
			CreateAndSetChildDomain (22ms)
		EndReloadAssembly (4962ms)
			LoadAssemblies (3750ms)
			RebuildTransferFunctionScriptingTraits (0ms)
			SetupTypeCache (617ms)
			ReleaseScriptCaches (1ms)
			RebuildScriptCaches (48ms)
			SetupLoadedEditorAssemblies (518ms)
				LogAssemblyErrors (0ms)
				InitializePlatformSupportModulesInManaged (5ms)
				SetLoadedEditorAssemblies (0ms)
				RefreshPlugins (103ms)
				BeforeProcessingInitializeOnLoad (98ms)
				ProcessInitializeOnLoadAttributes (267ms)
				ProcessInitializeOnLoadMethodAttributes (37ms)
				AfterProcessingInitializeOnLoad (8ms)
				EditorAssembliesLoaded (0ms)
			ExecutionOrderSort2 (0ms)
			AwakeInstancesAfterBackupRestoration (7ms)
Platform modules already initialized, skipping
========================================================================
Worker process is ready to serve import requests
Launched and connected shader compiler UnityShaderCompiler.exe after 0.04 seconds
Refreshing native plugins compatible for Editor in 0.74 ms, found 4 plugins.
Preloading 0 native plugins for Editor in 0.00 ms.
Unloading 3736 Unused Serialized files (Serialized files now loaded: 0)
Unloading 41 unused Assets / (228.9 KB). Loaded Objects now: 4190.
Memory consumption went from 142.8 MB to 142.6 MB.
Total: 3.106800 ms (FindLiveObjects: 0.265500 ms CreateObjectMapping: 0.211200 ms MarkObjects: 2.499000 ms  DeleteObjects: 0.130400 ms)

AssetImportParameters requested are different than current active one (requested -> active):
  custom:video-decoder-ogg-theora: a1e56fd34408186e4bbccfd4996cb3dc -> 
  custom:container-muxer-webm: aa71ff27fc2769a1b78a27578f13a17b -> 
  custom:container-demuxer-webm: 4f35f7cbe854078d1ac9338744f61a02 -> 
  custom:video-encoder-webm-vp8: eb34c28f22e8b96e1ab97ce403110664 -> 
  custom:audio-encoder-webm-vorbis: bf7c407c2cedff20999df2af8eb42d56 -> 
  custom:framework-win-MediaFoundation: 216162199b28c13a410421893ffa2e32 -> 
  custom:container-demuxer-ogg: 62fdf1f143b41e24485cea50d1cbac27 -> 
  custom:video-decoder-webm-vp8: 9c59270c3fd7afecdb556c50c9e8de78 -> 
  custom:audio-decoder-ogg-vorbis: bf7c407c2cedff20999df2af8eb42d56 -> 
========================================================================
Received Import Request.
  Time since last request: 241002.741971 seconds.
  path: Assets/Resources/Isometric/Enemy/enemy_ufoGreen_N.png
  artifactKey: Guid(e79d590175164124c92f5a79260c5962) Importer(815301076,1909f56bfc062723c751e8b465ee728b)
Start importing Assets/Resources/Isometric/Enemy/enemy_ufoGreen_N.png using Guid(e79d590175164124c92f5a79260c5962) Importer(815301076,1909f56bfc062723c751e8b465ee728b)  -> (artifact id: '0a08803bb330c02ab0ec86e85095e929') in 0.185592 seconds 
========================================================================
Received Import Request.
  Time since last request: 0.000035 seconds.
  path: Assets/Resources/Isometric/Enemy/enemy_ufoPurpleWeapon_E.png
  artifactKey: Guid(10d9a07ad58ac87488f58989e7352caa) Importer(815301076,1909f56bfc062723c751e8b465ee728b)
Start importing Assets/Resources/Isometric/Enemy/enemy_ufoPurpleWeapon_E.png using Guid(10d9a07ad58ac87488f58989e7352caa) Importer(815301076,1909f56bfc062723c751e8b465ee728b)  -> (artifact id: 'b8706eeb34205ac270d077e04b25a84a') in 0.041758 seconds 
========================================================================
Received Import Request.
  Time since last request: 0.000033 seconds.
  path: Assets/Resources/Isometric/Enemy/enemy_ufoRed_S.png
  artifactKey: Guid(1af82d0235c5c6445b7e7eea856493c0) Importer(815301076,1909f56bfc062723c751e8b465ee728b)
Start importing Assets/Resources/Isometric/Enemy/enemy_ufoRed_S.png using Guid(1af82d0235c5c6445b7e7eea856493c0) Importer(815301076,1909f56bfc062723c751e8b465ee728b)  -> (artifact id: '1a63576669c12de645f233b7fbae50f1') in 0.033799 seconds 
========================================================================
Received Import Request.
  Time since last request: 0.000015 seconds.
  path: Assets/Resources/Isometric/Enemy/enemy_ufoYellow_S.png
  artifactKey: Guid(638ff561ad3b0e143adc6065703f77b0) Importer(815301076,1909f56bfc062723c751e8b465ee728b)
Start importing Assets/Resources/Isometric/Enemy/enemy_ufoYellow_S.png using Guid(638ff561ad3b0e143adc6065703f77b0) Importer(815301076,1909f56bfc062723c751e8b465ee728b)  -> (artifact id: '2b3a9f8f5ed7b3d9a4f13b8761d5ed95') in 0.034702 seconds 
========================================================================
Received Import Request.
  Time since last request: 0.000018 seconds.
  path: Assets/Resources/Isometric/Enemy/enemy_ufoPurple_N.png
  artifactKey: Guid(b8558e9652be3e64a88b66ff7865da0f) Importer(815301076,1909f56bfc062723c751e8b465ee728b)
Start importing Assets/Resources/Isometric/Enemy/enemy_ufoPurple_N.png using Guid(b8558e9652be3e64a88b66ff7865da0f) Importer(815301076,1909f56bfc062723c751e8b465ee728b)  -> (artifact id: 'ebf304b9368f561981f320945067ff2b') in 0.030513 seconds 
========================================================================
Received Import Request.
  Time since last request: 0.000022 seconds.
  path: Assets/Resources/Isometric/Enemy/enemy_ufoRedWeapon_E.png
  artifactKey: Guid(58e0f03af55a57347b5b3e7944cfa271) Importer(815301076,1909f56bfc062723c751e8b465ee728b)
Start importing Assets/Resources/Isometric/Enemy/enemy_ufoRedWeapon_E.png using Guid(58e0f03af55a57347b5b3e7944cfa271) Importer(815301076,1909f56bfc062723c751e8b465ee728b)  -> (artifact id: '8a3cf0d5a4728f6bdc5cf17ffe5cedfe') in 0.032296 seconds 
========================================================================
Received Import Request.
  Time since last request: 0.000056 seconds.
  path: Assets/Resources/Isometric/Enemy/enemy_ufoYellowWeapon_N.png
  artifactKey: Guid(af51ee18108b4834bab5e535cc129025) Importer(815301076,1909f56bfc062723c751e8b465ee728b)
Start importing Assets/Resources/Isometric/Enemy/enemy_ufoYellowWeapon_N.png using Guid(af51ee18108b4834bab5e535cc129025) Importer(815301076,1909f56bfc062723c751e8b465ee728b)  -> (artifact id: '96ea1e969d929744abbf4945e8b28808') in 0.030420 seconds 
========================================================================
Received Import Request.
  Time since last request: 0.000026 seconds.
  path: Assets/Resources/Isometric/Enemy/enemy_ufoRedWeapon_S.png
  artifactKey: Guid(f806559f0362e9b42abb1f5ccd342d80) Importer(815301076,1909f56bfc062723c751e8b465ee728b)
Start importing Assets/Resources/Isometric/Enemy/enemy_ufoRedWeapon_S.png using Guid(f806559f0362e9b42abb1f5ccd342d80) Importer(815301076,1909f56bfc062723c751e8b465ee728b)  -> (artifact id: '2256fbfb1641045a7b8dd3b109d98d7e') in 0.033697 seconds 
========================================================================
Received Import Request.
  Time since last request: 0.000024 seconds.
  path: Assets/Resources/Isometric/Enemy/enemy_ufoPurpleWeapon_N.png
  artifactKey: Guid(e9aeae842c5531b438453b3bd997b500) Importer(815301076,1909f56bfc062723c751e8b465ee728b)
Start importing Assets/Resources/Isometric/Enemy/enemy_ufoPurpleWeapon_N.png using Guid(e9aeae842c5531b438453b3bd997b500) Importer(815301076,1909f56bfc062723c751e8b465ee728b)  -> (artifact id: '02801b47b1ecd49f1673ab0e8a668e8a') in 0.032058 seconds 
========================================================================
Received Import Request.
  Time since last request: 0.000027 seconds.
  path: Assets/Resources/Isometric/Enemy/enemy_ufoRed_W.png
  artifactKey: Guid(40a4f091344341448b0b986c28f1d896) Importer(815301076,1909f56bfc062723c751e8b465ee728b)
Start importing Assets/Resources/Isometric/Enemy/enemy_ufoRed_W.png using Guid(40a4f091344341448b0b986c28f1d896) Importer(815301076,1909f56bfc062723c751e8b465ee728b)  -> (artifact id: 'b0dbd63c89c05b3eb3b7c403eb7ec167') in 0.033669 seconds 
========================================================================
Received Import Request.
  Time since last request: 0.000023 seconds.
  path: Assets/Resources/Isometric/Enemy/enemy_ufoYellowWeapon_W.png
  artifactKey: Guid(6d3d31e5e948fe14a821a6e82db69582) Importer(815301076,1909f56bfc062723c751e8b465ee728b)
Start importing Assets/Resources/Isometric/Enemy/enemy_ufoYellowWeapon_W.png using Guid(6d3d31e5e948fe14a821a6e82db69582) Importer(815301076,1909f56bfc062723c751e8b465ee728b)  -> (artifact id: 'be264c87003a7aa7ad39cfbddf7e4607') in 0.034020 seconds 
========================================================================
Received Import Request.
  Time since last request: 0.000027 seconds.
  path: Assets/Resources/Isometric/Enemy/enemy_ufoYellowWeapon_S.png
  artifactKey: Guid(781e9e305f5db9f41abe313e1b37d29a) Importer(815301076,1909f56bfc062723c751e8b465ee728b)
Start importing Assets/Resources/Isometric/Enemy/enemy_ufoYellowWeapon_S.png using Guid(781e9e305f5db9f41abe313e1b37d29a) Importer(815301076,1909f56bfc062723c751e8b465ee728b)  -> (artifact id: 'c898ca228ffd6476634ccabb1f70edd3') in 0.034968 seconds 
========================================================================
Received Import Request.
  Time since last request: 0.000028 seconds.
  path: Assets/Resources/Isometric/Enemy/enemy_ufoGreen_W.png
  artifactKey: Guid(ca88c4c3e8f82ab449aa5118b9572b40) Importer(815301076,1909f56bfc062723c751e8b465ee728b)
Start importing Assets/Resources/Isometric/Enemy/enemy_ufoGreen_W.png using Guid(ca88c4c3e8f82ab449aa5118b9572b40) Importer(815301076,1909f56bfc062723c751e8b465ee728b)  -> (artifact id: '14b682e56a496a6c45583244e2a470c9') in 0.031093 seconds 
========================================================================
Received Import Request.
  Time since last request: 0.000020 seconds.
  path: Assets/Resources/Isometric/Enemy/enemy_ufoPurpleWeapon_S.png
  artifactKey: Guid(c538ee2d7c7c3f445b819f90286be2d0) Importer(815301076,1909f56bfc062723c751e8b465ee728b)
Start importing Assets/Resources/Isometric/Enemy/enemy_ufoPurpleWeapon_S.png using Guid(c538ee2d7c7c3f445b819f90286be2d0) Importer(815301076,1909f56bfc062723c751e8b465ee728b)  -> (artifact id: '6566d4fc063a6324493abaac21141bb2') in 0.036940 seconds 
========================================================================
Received Import Request.
  Time since last request: 1088.184315 seconds.
  path: Assets/Resources/Isometric/Tiles/normal/tile_bump_N.png
  artifactKey: Guid(3a02c330a7f110b4c993c567816e3254) Importer(815301076,1909f56bfc062723c751e8b465ee728b)
Start importing Assets/Resources/Isometric/Tiles/normal/tile_bump_N.png using Guid(3a02c330a7f110b4c993c567816e3254) Importer(815301076,1909f56bfc062723c751e8b465ee728b)  -> (artifact id: '1774ccf22279a3f43617d6e2dd07f964') in 0.039372 seconds 
========================================================================
Received Import Request.
  Time since last request: 0.000021 seconds.
  path: Assets/Resources/Isometric/Tiles/normal/tile_N.png
  artifactKey: Guid(e79ef7ecb52b9e247b7551bedab69b51) Importer(815301076,1909f56bfc062723c751e8b465ee728b)
Start importing Assets/Resources/Isometric/Tiles/normal/tile_N.png using Guid(e79ef7ecb52b9e247b7551bedab69b51) Importer(815301076,1909f56bfc062723c751e8b465ee728b)  -> (artifact id: '830a06d7b332f60efd03c3f6fe8d7d59') in 0.042656 seconds 
========================================================================
Received Import Request.
  Time since last request: 0.000024 seconds.
  path: Assets/Resources/Isometric/Tiles/normal/tile_riverSlope_E.png
  artifactKey: Guid(694136cbc4c15e64ebc6d0f1100db9d1) Importer(815301076,1909f56bfc062723c751e8b465ee728b)
Start importing Assets/Resources/Isometric/Tiles/normal/tile_riverSlope_E.png using Guid(694136cbc4c15e64ebc6d0f1100db9d1) Importer(815301076,1909f56bfc062723c751e8b465ee728b)  -> (artifact id: '3f4103d165ff355c05e8e789e9883caf') in 0.047933 seconds 
========================================================================
Received Import Request.
  Time since last request: 0.000038 seconds.
  path: Assets/Resources/Isometric/Tiles/normal/tile_bump_S.png
  artifactKey: Guid(1560064ff9facd44482ebb0796ef1d37) Importer(815301076,1909f56bfc062723c751e8b465ee728b)
Start importing Assets/Resources/Isometric/Tiles/normal/tile_bump_S.png using Guid(1560064ff9facd44482ebb0796ef1d37) Importer(815301076,1909f56bfc062723c751e8b465ee728b)  -> (artifact id: '533effcdb8077760adf9404c3a7ee1d9') in 0.035874 seconds 
========================================================================
Received Import Request.
  Time since last request: 0.000029 seconds.
  path: Assets/Resources/Isometric/Tiles/normal/tile_cornerInner_S.png
  artifactKey: Guid(8789e3129a61aac42b8a954026059709) Importer(815301076,1909f56bfc062723c751e8b465ee728b)
Start importing Assets/Resources/Isometric/Tiles/normal/tile_cornerInner_S.png using Guid(8789e3129a61aac42b8a954026059709) Importer(815301076,1909f56bfc062723c751e8b465ee728b)  -> (artifact id: 'd97c18e313673ae1179458cea218a010') in 0.035539 seconds 
========================================================================
Received Import Request.
  Time since last request: 0.000022 seconds.
  path: Assets/Resources/Isometric/Tiles/normal/tile_cornerRound_W.png
  artifactKey: Guid(7bd586d7e461979428ca616565bdc4d8) Importer(815301076,1909f56bfc062723c751e8b465ee728b)
Start importing Assets/Resources/Isometric/Tiles/normal/tile_cornerRound_W.png using Guid(7bd586d7e461979428ca616565bdc4d8) Importer(815301076,1909f56bfc062723c751e8b465ee728b)  -> (artifact id: 'cc047ee65b9ef3d8395b64fd2a3f45fe') in 0.055850 seconds 
========================================================================
Received Import Request.
  Time since last request: 0.000042 seconds.
  path: Assets/Resources/Isometric/Tiles/normal/tile_cornerRound_N.png
  artifactKey: Guid(bea4d4fc2266faa44b2440ba7c680d53) Importer(815301076,1909f56bfc062723c751e8b465ee728b)
Start importing Assets/Resources/Isometric/Tiles/normal/tile_cornerRound_N.png using Guid(bea4d4fc2266faa44b2440ba7c680d53) Importer(815301076,1909f56bfc062723c751e8b465ee728b)  -> (artifact id: 'ca54c36cb0be6fa42456eae843be9cdc') in 0.034396 seconds 
========================================================================
Received Import Request.
  Time since last request: 0.000032 seconds.
  path: Assets/Resources/Isometric/Tiles/normal/tile_dirtHigh_S.png
  artifactKey: Guid(7e7d3c3bfa1b1124bb5bdc04564eb5ca) Importer(815301076,1909f56bfc062723c751e8b465ee728b)
Start importing Assets/Resources/Isometric/Tiles/normal/tile_dirtHigh_S.png using Guid(7e7d3c3bfa1b1124bb5bdc04564eb5ca) Importer(815301076,1909f56bfc062723c751e8b465ee728b)  -> (artifact id: '317df29864d21ff649bcfa2d1675af06') in 0.046924 seconds 
========================================================================
Received Import Request.
  Time since last request: 0.000019 seconds.
  path: Assets/Resources/Isometric/Tiles/normal/tile_hill_W.png
  artifactKey: Guid(ed2b2ad207106f54ebd80f83b8fc236e) Importer(815301076,1909f56bfc062723c751e8b465ee728b)
Start importing Assets/Resources/Isometric/Tiles/normal/tile_hill_W.png using Guid(ed2b2ad207106f54ebd80f83b8fc236e) Importer(815301076,1909f56bfc062723c751e8b465ee728b)  -> (artifact id: 'c5e61e398a06745cc5d53e311038de63') in 0.037554 seconds 
========================================================================
Received Import Request.
  Time since last request: 0.000029 seconds.
  path: Assets/Resources/Isometric/Tiles/normal/tile_endRoundSpawn_E.png
  artifactKey: Guid(5acaa1477367aba41a2958974a8e0072) Importer(815301076,1909f56bfc062723c751e8b465ee728b)
Start importing Assets/Resources/Isometric/Tiles/normal/tile_endRoundSpawn_E.png using Guid(5acaa1477367aba41a2958974a8e0072) Importer(815301076,1909f56bfc062723c751e8b465ee728b)  -> (artifact id: '202f0ce4f203289ebf05834cd3a444cd') in 0.038560 seconds 
========================================================================
Received Import Request.
  Time since last request: 0.000016 seconds.
  path: Assets/Resources/Isometric/Tiles/normal/tile_hill_N.png
  artifactKey: Guid(73f752a42f68f0847a6fdd8e7b2c42fc) Importer(815301076,1909f56bfc062723c751e8b465ee728b)
Start importing Assets/Resources/Isometric/Tiles/normal/tile_hill_N.png using Guid(73f752a42f68f0847a6fdd8e7b2c42fc) Importer(815301076,1909f56bfc062723c751e8b465ee728b)  -> (artifact id: '82a9d0f2f2a42d8871fef1a4e6667b0d') in 0.030906 seconds 
========================================================================
Received Import Request.
  Time since last request: 0.000028 seconds.
  path: Assets/Resources/Isometric/Tiles/normal/tile_riverFall_E.png
  artifactKey: Guid(877ea8ab2e436cc44872038b14648d15) Importer(815301076,1909f56bfc062723c751e8b465ee728b)
Start importing Assets/Resources/Isometric/Tiles/normal/tile_riverFall_E.png using Guid(877ea8ab2e436cc44872038b14648d15) Importer(815301076,1909f56bfc062723c751e8b465ee728b)  -> (artifact id: 'c279072a69780909b3be477aacc7ab0e') in 0.116850 seconds 
========================================================================
Received Import Request.
  Time since last request: 0.000017 seconds.
  path: Assets/Resources/Isometric/Tiles/normal/tile_endRound_N.png
  artifactKey: Guid(314c37c7248a7a740bbe5ffa6302a625) Importer(815301076,1909f56bfc062723c751e8b465ee728b)
Start importing Assets/Resources/Isometric/Tiles/normal/tile_endRound_N.png using Guid(314c37c7248a7a740bbe5ffa6302a625) Importer(815301076,1909f56bfc062723c751e8b465ee728b)  -> (artifact id: '8d70a02bb2093cd1229407b43353eb39') in 0.037160 seconds 
========================================================================
Received Import Request.
  Time since last request: 0.000022 seconds.
  path: Assets/Resources/Isometric/Tiles/normal/tile_endRoundSpawn_N.png
  artifactKey: Guid(6b38b9773dd926144ae24ec16a99505d) Importer(815301076,1909f56bfc062723c751e8b465ee728b)
Start importing Assets/Resources/Isometric/Tiles/normal/tile_endRoundSpawn_N.png using Guid(6b38b9773dd926144ae24ec16a99505d) Importer(815301076,1909f56bfc062723c751e8b465ee728b)  -> (artifact id: '92ba8e34ee79af17dd873745c748b413') in 0.033561 seconds 
========================================================================
Received Import Request.
  Time since last request: 0.000028 seconds.
  path: Assets/Resources/Isometric/Tiles/normal/tile_riverBridge_W.png
  artifactKey: Guid(ac51431f70f2bf948902157a88fc3225) Importer(815301076,1909f56bfc062723c751e8b465ee728b)
Start importing Assets/Resources/Isometric/Tiles/normal/tile_riverBridge_W.png using Guid(ac51431f70f2bf948902157a88fc3225) Importer(815301076,1909f56bfc062723c751e8b465ee728b)  -> (artifact id: '2f1008991b1118723fdc14aa1c4f5737') in 0.027446 seconds 
========================================================================
Received Import Request.
  Time since last request: 0.000037 seconds.
  path: Assets/Resources/Isometric/Tiles/normal/tile_endSpawn_N.png
  artifactKey: Guid(eb1bf69f3b08a994eba4b05051a15f0f) Importer(815301076,1909f56bfc062723c751e8b465ee728b)
Start importing Assets/Resources/Isometric/Tiles/normal/tile_endSpawn_N.png using Guid(eb1bf69f3b08a994eba4b05051a15f0f) Importer(815301076,1909f56bfc062723c751e8b465ee728b)  -> (artifact id: '527599f56ea0bb61c9ca8043291f24e6') in 0.035065 seconds 
========================================================================
Received Import Request.
  Time since last request: 0.000025 seconds.
  path: Assets/Resources/Isometric/Tiles/normal/tile_endSpawn_S.png
  artifactKey: Guid(491d00014dc7ed047b78736f451cc39d) Importer(815301076,1909f56bfc062723c751e8b465ee728b)
Start importing Assets/Resources/Isometric/Tiles/normal/tile_endSpawn_S.png using Guid(491d00014dc7ed047b78736f451cc39d) Importer(815301076,1909f56bfc062723c751e8b465ee728b)  -> (artifact id: '3d3b6789c4bae6022d49bd4b073fe7aa') in 0.038271 seconds 
========================================================================
Received Import Request.
  Time since last request: 0.000023 seconds.
  path: Assets/Resources/Isometric/Tiles/normal/tile_endSpawn_E.png
  artifactKey: Guid(5bff7934fa3d28144b3afe91003a2c6c) Importer(815301076,1909f56bfc062723c751e8b465ee728b)
Start importing Assets/Resources/Isometric/Tiles/normal/tile_endSpawn_E.png using Guid(5bff7934fa3d28144b3afe91003a2c6c) Importer(815301076,1909f56bfc062723c751e8b465ee728b)  -> (artifact id: '180468b0e9c848736df66a8521788749') in 0.041933 seconds 
========================================================================
Received Import Request.
  Time since last request: 0.000017 seconds.
  path: Assets/Resources/Isometric/Tiles/normal/tile_crossing_W.png
  artifactKey: Guid(8fdba30a1ba62434db461310024f11d5) Importer(815301076,1909f56bfc062723c751e8b465ee728b)
Start importing Assets/Resources/Isometric/Tiles/normal/tile_crossing_W.png using Guid(8fdba30a1ba62434db461310024f11d5) Importer(815301076,1909f56bfc062723c751e8b465ee728b)  -> (artifact id: '177c22f8b1639494ea6193ca1d97f208') in 0.030707 seconds 
========================================================================
Received Import Request.
  Time since last request: 0.000018 seconds.
  path: Assets/Resources/Isometric/Tiles/normal/tile_riverCorner_N.png
  artifactKey: Guid(4394e2c25c805754b85373704c01f7a7) Importer(815301076,1909f56bfc062723c751e8b465ee728b)
Start importing Assets/Resources/Isometric/Tiles/normal/tile_riverCorner_N.png using Guid(4394e2c25c805754b85373704c01f7a7) Importer(815301076,1909f56bfc062723c751e8b465ee728b)  -> (artifact id: '92d0553b3a1aa099f74c7de424b386c3') in 0.029506 seconds 
========================================================================
Received Import Request.
  Time since last request: 0.000019 seconds.
  path: Assets/Resources/Isometric/Tiles/normal/tile_endRoundSpawn_W.png
  artifactKey: Guid(91658af68034a5e488a6155c1210168b) Importer(815301076,1909f56bfc062723c751e8b465ee728b)
Start importing Assets/Resources/Isometric/Tiles/normal/tile_endRoundSpawn_W.png using Guid(91658af68034a5e488a6155c1210168b) Importer(815301076,1909f56bfc062723c751e8b465ee728b)  -> (artifact id: '53dfb29bbfa7e152fc5bb206a8d06282') in 0.041285 seconds 
========================================================================
Received Import Request.
  Time since last request: 0.000037 seconds.
  path: Assets/Resources/Isometric/Tiles/normal/tile_riverBridge_S.png
  artifactKey: Guid(e79abc2e874dcbb4987b18f06ce7d331) Importer(815301076,1909f56bfc062723c751e8b465ee728b)
Start importing Assets/Resources/Isometric/Tiles/normal/tile_riverBridge_S.png using Guid(e79abc2e874dcbb4987b18f06ce7d331) Importer(815301076,1909f56bfc062723c751e8b465ee728b)  -> (artifact id: '3a51799871457268934a4f3319568ced') in 0.037784 seconds 
========================================================================
Received Import Request.
  Time since last request: 0.000021 seconds.
  path: Assets/Resources/Isometric/Tiles/normal/tile_cornerSquare_E.png
  artifactKey: Guid(6c3a38823de2ce14e9d2cb762a56d70f) Importer(815301076,1909f56bfc062723c751e8b465ee728b)
Start importing Assets/Resources/Isometric/Tiles/normal/tile_cornerSquare_E.png using Guid(6c3a38823de2ce14e9d2cb762a56d70f) Importer(815301076,1909f56bfc062723c751e8b465ee728b)  -> (artifact id: '44e5117f23ece35328a1762bcd020d68') in 0.039445 seconds 
========================================================================
Received Import Request.
  Time since last request: 0.000018 seconds.
  path: Assets/Resources/Isometric/Tiles/normal/tile_crossing_N.png
  artifactKey: Guid(f8b0cd706261b1844984d2735f9d3ea3) Importer(815301076,1909f56bfc062723c751e8b465ee728b)
Start importing Assets/Resources/Isometric/Tiles/normal/tile_crossing_N.png using Guid(f8b0cd706261b1844984d2735f9d3ea3) Importer(815301076,1909f56bfc062723c751e8b465ee728b)  -> (artifact id: 'a8068ea37e2233dbd96deeb9e3928826') in 0.032691 seconds 
========================================================================
Received Import Request.
  Time since last request: 0.000018 seconds.
  path: Assets/Resources/Isometric/Tiles/normal/tile_cornerRound_E.png
  artifactKey: Guid(7cefae075cb8557488029fbee90922c7) Importer(815301076,1909f56bfc062723c751e8b465ee728b)
Start importing Assets/Resources/Isometric/Tiles/normal/tile_cornerRound_E.png using Guid(7cefae075cb8557488029fbee90922c7) Importer(815301076,1909f56bfc062723c751e8b465ee728b)  -> (artifact id: '958ab1fd0f8f984b9cd111cf9b593235') in 0.029936 seconds 
========================================================================
Received Import Request.
  Time since last request: 0.000020 seconds.
  path: Assets/Resources/Isometric/Tiles/normal/tile_end_N.png
  artifactKey: Guid(44ed9f4e333d06541b618ebd0ca9e3d2) Importer(815301076,1909f56bfc062723c751e8b465ee728b)
Start importing Assets/Resources/Isometric/Tiles/normal/tile_end_N.png using Guid(44ed9f4e333d06541b618ebd0ca9e3d2) Importer(815301076,1909f56bfc062723c751e8b465ee728b)  -> (artifact id: '3d25a5435842f0d2f9d3b8c501b14534') in 0.039885 seconds 
========================================================================
Received Import Request.
  Time since last request: 0.000023 seconds.
  path: Assets/Resources/Isometric/Tiles/normal/tile_crystal_N.png
  artifactKey: Guid(20732b4322e35464193b3ca88f442665) Importer(815301076,1909f56bfc062723c751e8b465ee728b)
Start importing Assets/Resources/Isometric/Tiles/normal/tile_crystal_N.png using Guid(20732b4322e35464193b3ca88f442665) Importer(815301076,1909f56bfc062723c751e8b465ee728b)  -> (artifact id: '228bec0ab6c25aea0d17d9075b125bf1') in 0.031883 seconds 
========================================================================
Received Import Request.
  Time since last request: 0.000034 seconds.
  path: Assets/Resources/Isometric/Tiles/normal/tile_cornerLarge_E.png
  artifactKey: Guid(49943de589925b84bae623777d85d858) Importer(815301076,1909f56bfc062723c751e8b465ee728b)
Start importing Assets/Resources/Isometric/Tiles/normal/tile_cornerLarge_E.png using Guid(49943de589925b84bae623777d85d858) Importer(815301076,1909f56bfc062723c751e8b465ee728b)  -> (artifact id: 'd33d434336421ad868597b316750cd15') in 0.031190 seconds 
========================================================================
Received Import Request.
  Time since last request: 0.000021 seconds.
  path: Assets/Resources/Isometric/Tiles/normal/tile_riverFall_N.png
  artifactKey: Guid(14b22d1e52ce79740bdb10fae9bbe5bf) Importer(815301076,1909f56bfc062723c751e8b465ee728b)
Start importing Assets/Resources/Isometric/Tiles/normal/tile_riverFall_N.png using Guid(14b22d1e52ce79740bdb10fae9bbe5bf) Importer(815301076,1909f56bfc062723c751e8b465ee728b)  -> (artifact id: 'de404e50c9dc99d5426b7fabd17d0f58') in 0.032743 seconds 
========================================================================
Received Import Request.
  Time since last request: 0.000024 seconds.
  path: Assets/Resources/Isometric/Tiles/normal/tile_crystal_W.png
  artifactKey: Guid(7134d16f05289b04285eec4dab611cbe) Importer(815301076,1909f56bfc062723c751e8b465ee728b)
Start importing Assets/Resources/Isometric/Tiles/normal/tile_crystal_W.png using Guid(7134d16f05289b04285eec4dab611cbe) Importer(815301076,1909f56bfc062723c751e8b465ee728b)  -> (artifact id: '20bf89139c4fb8ac8f1a4df3f210527d') in 0.033465 seconds 
========================================================================
Received Import Request.
  Time since last request: 0.000023 seconds.
  path: Assets/Resources/Isometric/Tiles/normal/tile_dirtHigh_W.png
  artifactKey: Guid(de0e7185c539e764683d19863d749e0b) Importer(815301076,1909f56bfc062723c751e8b465ee728b)
Start importing Assets/Resources/Isometric/Tiles/normal/tile_dirtHigh_W.png using Guid(de0e7185c539e764683d19863d749e0b) Importer(815301076,1909f56bfc062723c751e8b465ee728b)  -> (artifact id: '2397ff86bd4a084442a30ecca9b5951d') in 0.041177 seconds 
========================================================================
Received Import Request.
  Time since last request: 0.000028 seconds.
  path: Assets/Resources/Isometric/Tiles/normal/tile_bump_W.png
  artifactKey: Guid(d2971df3a02eefc41b25ff9dea87eb93) Importer(815301076,1909f56bfc062723c751e8b465ee728b)
Start importing Assets/Resources/Isometric/Tiles/normal/tile_bump_W.png using Guid(d2971df3a02eefc41b25ff9dea87eb93) Importer(815301076,1909f56bfc062723c751e8b465ee728b)  -> (artifact id: 'e79bbd7fb8531405285ab81adf59e16e') in 0.029274 seconds 
========================================================================
Received Import Request.
  Time since last request: 0.000064 seconds.
  path: Assets/Resources/Isometric/Tiles/normal/tile_riverSlopeLarge_S.png
  artifactKey: Guid(6d2979743039ca349a12cc6c0a56f53c) Importer(815301076,1909f56bfc062723c751e8b465ee728b)
Start importing Assets/Resources/Isometric/Tiles/normal/tile_riverSlopeLarge_S.png using Guid(6d2979743039ca349a12cc6c0a56f53c) Importer(815301076,1909f56bfc062723c751e8b465ee728b)  -> (artifact id: '1b8949466b9200c1e328ef305d7caeb9') in 0.030949 seconds 
========================================================================
Received Import Request.
  Time since last request: 0.000026 seconds.
  path: Assets/Resources/Isometric/Tiles/normal/tile_cornerInner_W.png
  artifactKey: Guid(3da71ef0f909c524a8338c01d3bdf46f) Importer(815301076,1909f56bfc062723c751e8b465ee728b)
Start importing Assets/Resources/Isometric/Tiles/normal/tile_cornerInner_W.png using Guid(3da71ef0f909c524a8338c01d3bdf46f) Importer(815301076,1909f56bfc062723c751e8b465ee728b)  -> (artifact id: 'fff66ae218d4b1a82e164b1a58f91cd6') in 0.028152 seconds 
========================================================================
Received Import Request.
  Time since last request: 0.000023 seconds.
  path: Assets/Resources/Isometric/Tiles/normal/tile_riverBridge_E.png
  artifactKey: Guid(cf797e3ef26b74d4c98d781059824938) Importer(815301076,1909f56bfc062723c751e8b465ee728b)
Start importing Assets/Resources/Isometric/Tiles/normal/tile_riverBridge_E.png using Guid(cf797e3ef26b74d4c98d781059824938) Importer(815301076,1909f56bfc062723c751e8b465ee728b)  -> (artifact id: 'e42710b8bf183d0ea0804dd4a0c1ed74') in 0.033211 seconds 
========================================================================
Received Import Request.
  Time since last request: 0.000033 seconds.
  path: Assets/Resources/Isometric/Tiles/normal/tile_cornerOuter_S.png
  artifactKey: Guid(92babf4e1393a5f4bb29c6fef20ccddb) Importer(815301076,1909f56bfc062723c751e8b465ee728b)
Start importing Assets/Resources/Isometric/Tiles/normal/tile_cornerOuter_S.png using Guid(92babf4e1393a5f4bb29c6fef20ccddb) Importer(815301076,1909f56bfc062723c751e8b465ee728b)  -> (artifact id: '095cee6d02c22dfa4182bc1b8288eb8c') in 0.030965 seconds 
========================================================================
Received Import Request.
  Time since last request: 0.000015 seconds.
  path: Assets/Resources/Isometric/Tiles/normal/tile_cornerSquare_N.png
  artifactKey: Guid(5b2521ec834caef45a26e5c542760e9d) Importer(815301076,1909f56bfc062723c751e8b465ee728b)
Start importing Assets/Resources/Isometric/Tiles/normal/tile_cornerSquare_N.png using Guid(5b2521ec834caef45a26e5c542760e9d) Importer(815301076,1909f56bfc062723c751e8b465ee728b)  -> (artifact id: '775cea25499f2c3cd95b86aa14cb5cdb') in 0.027763 seconds 
========================================================================
Received Import Request.
  Time since last request: 0.000019 seconds.
  path: Assets/Resources/Isometric/Tiles/normal/tile_crystal_E.png
  artifactKey: Guid(4e6134f2f135a5a4784aa0d6fd79ea2a) Importer(815301076,1909f56bfc062723c751e8b465ee728b)
Start importing Assets/Resources/Isometric/Tiles/normal/tile_crystal_E.png using Guid(4e6134f2f135a5a4784aa0d6fd79ea2a) Importer(815301076,1909f56bfc062723c751e8b465ee728b)  -> (artifact id: '0e60ad299ab8cdb9fb06fa1707486204') in 0.029170 seconds 
========================================================================
Received Import Request.
  Time since last request: 0.000017 seconds.
  path: Assets/Resources/Isometric/Tiles/normal/tile_cornerOuter_N.png
  artifactKey: Guid(3c9063c45663926469d2ffd4c406c383) Importer(815301076,1909f56bfc062723c751e8b465ee728b)
Start importing Assets/Resources/Isometric/Tiles/normal/tile_cornerOuter_N.png using Guid(3c9063c45663926469d2ffd4c406c383) Importer(815301076,1909f56bfc062723c751e8b465ee728b)  -> (artifact id: 'fee5e3ef48d5f97f7c866d6e2beeb66d') in 0.044940 seconds 
Editor requested this worker to shutdown with reason: Scaling down because of idle timeout
AssetImportWorker is now disconnected from the server
Process exiting
Exiting without the bug reporter. Application will terminate with return code 0